{"/Users/bchoo/Desktop/project_team143/src/controller/IInsightFacade.ts":{"path":"/Users/bchoo/Desktop/project_team143/src/controller/IInsightFacade.ts","statementMap":{"0":{"start":{"line":2,"column":0},"end":{"line":2,"column":62}},"1":{"start":{"line":3,"column":0},"end":{"line":3,"column":113}},"2":{"start":{"line":5,"column":0},"end":{"line":8,"column":89}},"3":{"start":{"line":6,"column":4},"end":{"line":6,"column":48}},"4":{"start":{"line":7,"column":4},"end":{"line":7,"column":42}},"5":{"start":{"line":11,"column":8},"end":{"line":11,"column":23}},"6":{"start":{"line":12,"column":8},"end":{"line":12,"column":52}},"7":{"start":{"line":15,"column":0},"end":{"line":15,"column":36}},"8":{"start":{"line":18,"column":8},"end":{"line":18,"column":23}},"9":{"start":{"line":19,"column":8},"end":{"line":19,"column":53}},"10":{"start":{"line":22,"column":0},"end":{"line":22,"column":38}},"11":{"start":{"line":25,"column":8},"end":{"line":25,"column":23}},"12":{"start":{"line":26,"column":8},"end":{"line":26,"column":59}},"13":{"start":{"line":29,"column":0},"end":{"line":29,"column":50}}},"fnMap":{"0":{"name":"(anonymous_0)","decl":{"start":{"line":5,"column":1},"end":{"line":5,"column":2}},"loc":{"start":{"line":5,"column":31},"end":{"line":8,"column":1}},"line":5},"1":{"name":"(anonymous_1)","decl":{"start":{"line":10,"column":4},"end":{"line":10,"column":5}},"loc":{"start":{"line":10,"column":25},"end":{"line":13,"column":5}},"line":10},"2":{"name":"(anonymous_2)","decl":{"start":{"line":17,"column":4},"end":{"line":17,"column":5}},"loc":{"start":{"line":17,"column":25},"end":{"line":20,"column":5}},"line":17},"3":{"name":"(anonymous_3)","decl":{"start":{"line":24,"column":4},"end":{"line":24,"column":5}},"loc":{"start":{"line":24,"column":25},"end":{"line":27,"column":5}},"line":24}},"branchMap":{"0":{"loc":{"start":{"line":8,"column":24},"end":{"line":8,"column":87}},"type":"binary-expr","locations":[{"start":{"line":8,"column":24},"end":{"line":8,"column":50}},{"start":{"line":8,"column":55},"end":{"line":8,"column":86}}],"line":8}},"s":{"0":1,"1":1,"2":1,"3":1,"4":1,"5":124,"6":124,"7":1,"8":2,"9":2,"10":1,"11":3,"12":3,"13":1},"f":{"0":1,"1":124,"2":2,"3":3},"b":{"0":[1,1]},"inputSourceMap":{"version":3,"file":"/Users/bchoo/Desktop/project_team143/src/controller/IInsightFacade.ts","sources":["/Users/bchoo/Desktop/project_team143/src/controller/IInsightFacade.ts"],"names":[],"mappings":";;;AAMA,IAAY,kBAGX;AAHD,WAAY,kBAAkB;IAC7B,2CAAqB,CAAA;IACrB,qCAAe,CAAA;AAChB,CAAC,EAHW,kBAAkB,GAAlB,0BAAkB,KAAlB,0BAAkB,QAG7B;AAgBD,MAAa,YAAa,SAAQ,KAAK;IACtC,YAAY,OAAgB;QAC3B,KAAK,CAAC,OAAO,CAAC,CAAC;QACf,KAAK,CAAC,iBAAiB,CAAC,IAAI,EAAE,YAAY,CAAC,CAAC;IAC7C,CAAC;CACD;AALD,oCAKC;AAED,MAAa,aAAc,SAAQ,KAAK;IACvC,YAAY,OAAgB;QAC3B,KAAK,CAAC,OAAO,CAAC,CAAC;QACf,KAAK,CAAC,iBAAiB,CAAC,IAAI,EAAE,aAAa,CAAC,CAAC;IAC9C,CAAC;CACD;AALD,sCAKC;AAED,MAAa,mBAAoB,SAAQ,KAAK;IAC7C,YAAY,OAAgB;QAC3B,KAAK,CAAC,OAAO,CAAC,CAAC;QACf,KAAK,CAAC,iBAAiB,CAAC,IAAI,EAAE,mBAAmB,CAAC,CAAC;IACpD,CAAC;CACD;AALD,kDAKC","sourcesContent":["/*\n * This is the primary high-level API for the project. In this folder there should be:\n * A class called InsightFacade, this should be in a file called InsightFacade.ts.\n * You should not change this interface at all or the test suite will not work.\n */\n\nexport enum InsightDatasetKind {\n\tSections = \"sections\",\n\tRooms = \"rooms\",\n}\n\nexport interface InsightDataset {\n\tid: string;\n\tkind: InsightDatasetKind;\n\tnumRows: number;\n}\n\nexport interface ISection {\n\tid: string;\n\tcontent: string;\n\tkind: string;\n}\n\nexport type InsightResult = Record<string, string | number>;\n\nexport class InsightError extends Error {\n\tconstructor(message?: string) {\n\t\tsuper(message);\n\t\tError.captureStackTrace(this, InsightError);\n\t}\n}\n\nexport class NotFoundError extends Error {\n\tconstructor(message?: string) {\n\t\tsuper(message);\n\t\tError.captureStackTrace(this, NotFoundError);\n\t}\n}\n\nexport class ResultTooLargeError extends Error {\n\tconstructor(message?: string) {\n\t\tsuper(message);\n\t\tError.captureStackTrace(this, ResultTooLargeError);\n\t}\n}\n\nexport interface IInsightFacade {\n\t/**\n\t * Add a dataset to insightUBC.\n\t *\n\t * @param id  The id of the dataset being added. Follows the format /^[^_]+$/\n\t * @param content  The base64 content of the dataset. This content should be in the form of a serialized zip file.\n\t * @param kind  The kind of the dataset\n\t *\n\t * @return Promise <string[]>\n\t *\n\t * The promise should fulfill on a successful add, reject for any failures.\n\t * The promise should fulfill with a string array,\n\t * containing the ids of all currently added datasets upon a successful add.\n\t * The promise should reject with an InsightError describing the error.\n\t *\n\t * An id is invalid if it contains an underscore, or is only whitespace characters.\n\t * If id is the same as the id of an already added dataset, the dataset should be rejected and not saved.\n\t *\n\t * After receiving the dataset, it should be processed into a data structure of\n\t * your design. The processed data structure should be persisted to disk; your\n\t * system should be able to load this persisted value into memory for answering\n\t * queries.\n\t *\n\t * Ultimately, a dataset must be added or loaded from disk before queries can\n\t * be successfully answered.\n\t */\n\taddDataset(id: string, content: string, kind: InsightDatasetKind): Promise<string[]>;\n\n\t/**\n\t * Remove a dataset from insightUBC.\n\t *\n\t * @param id  The id of the dataset to remove. Follows the format /^[^_]+$/\n\t *\n\t * @return Promise <string>\n\t *\n\t * The promise should fulfill upon a successful removal, reject on any error.\n\t * Attempting to remove a dataset that hasn't been added yet counts as an error.\n\t *\n\t * An id is invalid if it contains an underscore, or is only whitespace characters.\n\t *\n\t * The promise should fulfill the id of the dataset that was removed.\n\t * The promise should reject with a NotFoundError (if a valid id was not yet added)\n\t * or an InsightError (invalid id or any other source of failure) describing the error.\n\t *\n\t * This will delete both disk and memory caches for the dataset for the id meaning\n\t * that subsequent queries for that id should fail unless a new addDataset happens first.\n\t */\n\tremoveDataset(id: string): Promise<string>;\n\n\t/**\n\t * Perform a query on insightUBC.\n\t *\n\t * @param query  The query to be performed.\n\t *\n\t * If a query is incorrectly formatted, references a dataset not added (in memory or on disk),\n\t * or references multiple datasets, it should be rejected.\n\t *\n\t * @return Promise <InsightResult[]>\n\t *\n\t * The promise should fulfill with an array of results.\n\t * The promise should reject with a ResultTooLargeError (if the query returns too many results)\n\t * or an InsightError (for any other source of failure) describing the error.\n\t */\n\tperformQuery(query: unknown): Promise<InsightResult[]>;\n\n\t/**\n\t * List all currently added datasets, their types, and number of rows.\n\t *\n\t * @return Promise <InsightDataset[]>\n\t * The promise should fulfill an array of currently added InsightDatasets, and will only fulfill.\n\t */\n\tlistDatasets(): Promise<InsightDataset[]>;\n}\n"]},"_coverageSchema":"1a1c01bbd47fc00a2c39e90264f33305004495a9","hash":"9dfb6800ef9f74c603a04503619e87dd0e6d527d","contentHash":"1fc7c3d0404e787a6a2638aa81d7ed56255250a17e15d920d5590d2a3dd27e63"},"/Users/bchoo/Desktop/project_team143/src/controller/InsightFacade.ts":{"path":"/Users/bchoo/Desktop/project_team143/src/controller/InsightFacade.ts","statementMap":{"0":{"start":{"line":2,"column":22},"end":{"line":4,"column":1}},"1":{"start":{"line":3,"column":4},"end":{"line":3,"column":62}},"2":{"start":{"line":5,"column":0},"end":{"line":5,"column":62}},"3":{"start":{"line":6,"column":25},"end":{"line":6,"column":52}},"4":{"start":{"line":7,"column":19},"end":{"line":7,"column":55}},"5":{"start":{"line":8,"column":20},"end":{"line":8,"column":57}},"6":{"start":{"line":9,"column":18},"end":{"line":9,"column":38}},"7":{"start":{"line":10,"column":29},"end":{"line":10,"column":60}},"8":{"start":{"line":11,"column":24},"end":{"line":11,"column":50}},"9":{"start":{"line":12,"column":25},"end":{"line":12,"column":52}},"10":{"start":{"line":13,"column":33},"end":{"line":13,"column":68}},"11":{"start":{"line":17,"column":8},"end":{"line":22,"column":9}},"12":{"start":{"line":18,"column":12},"end":{"line":18,"column":68}},"13":{"start":{"line":21,"column":12},"end":{"line":21,"column":70}},"14":{"start":{"line":23,"column":8},"end":{"line":25,"column":9}},"15":{"start":{"line":24,"column":12},"end":{"line":24,"column":109}},"16":{"start":{"line":26,"column":25},"end":{"line":26,"column":88}},"17":{"start":{"line":27,"column":8},"end":{"line":29,"column":9}},"18":{"start":{"line":28,"column":12},"end":{"line":28,"column":73}},"19":{"start":{"line":30,"column":8},"end":{"line":30,"column":58}},"20":{"start":{"line":31,"column":8},"end":{"line":31,"column":109}},"21":{"start":{"line":32,"column":8},"end":{"line":32,"column":45}},"22":{"start":{"line":35,"column":8},"end":{"line":37,"column":9}},"23":{"start":{"line":36,"column":12},"end":{"line":36,"column":66}},"24":{"start":{"line":38,"column":25},"end":{"line":38,"column":88}},"25":{"start":{"line":39,"column":8},"end":{"line":41,"column":9}},"26":{"start":{"line":40,"column":12},"end":{"line":40,"column":74}},"27":{"start":{"line":42,"column":8},"end":{"line":42,"column":50}},"28":{"start":{"line":43,"column":8},"end":{"line":43,"column":18}},"29":{"start":{"line":46,"column":8},"end":{"line":46,"column":52}},"30":{"start":{"line":47,"column":8},"end":{"line":47,"column":67}},"31":{"start":{"line":48,"column":8},"end":{"line":48,"column":74}},"32":{"start":{"line":51,"column":29},"end":{"line":51,"column":31}},"33":{"start":{"line":52,"column":29},"end":{"line":52,"column":31}},"34":{"start":{"line":53,"column":8},"end":{"line":55,"column":9}},"35":{"start":{"line":54,"column":12},"end":{"line":54,"column":22}},"36":{"start":{"line":56,"column":8},"end":{"line":58,"column":9}},"37":{"start":{"line":57,"column":12},"end":{"line":57,"column":77}},"38":{"start":{"line":59,"column":25},"end":{"line":59,"column":56}},"39":{"start":{"line":60,"column":8},"end":{"line":62,"column":9}},"40":{"start":{"line":61,"column":12},"end":{"line":61,"column":103}},"41":{"start":{"line":63,"column":8},"end":{"line":63,"column":28}},"42":{"start":{"line":66,"column":0},"end":{"line":66,"column":32}}},"fnMap":{"0":{"name":"(anonymous_0)","decl":{"start":{"line":2,"column":56},"end":{"line":2,"column":57}},"loc":{"start":{"line":2,"column":71},"end":{"line":4,"column":1}},"line":2},"1":{"name":"(anonymous_1)","decl":{"start":{"line":15,"column":4},"end":{"line":15,"column":5}},"loc":{"start":{"line":15,"column":40},"end":{"line":33,"column":5}},"line":15},"2":{"name":"(anonymous_2)","decl":{"start":{"line":34,"column":4},"end":{"line":34,"column":5}},"loc":{"start":{"line":34,"column":28},"end":{"line":44,"column":5}},"line":34},"3":{"name":"(anonymous_3)","decl":{"start":{"line":45,"column":4},"end":{"line":45,"column":5}},"loc":{"start":{"line":45,"column":30},"end":{"line":49,"column":5}},"line":45},"4":{"name":"(anonymous_4)","decl":{"start":{"line":50,"column":4},"end":{"line":50,"column":5}},"loc":{"start":{"line":50,"column":25},"end":{"line":64,"column":5}},"line":50}},"branchMap":{"0":{"loc":{"start":{"line":2,"column":22},"end":{"line":4,"column":1}},"type":"binary-expr","locations":[{"start":{"line":2,"column":23},"end":{"line":2,"column":27}},{"start":{"line":2,"column":31},"end":{"line":2,"column":51}},{"start":{"line":2,"column":56},"end":{"line":4,"column":1}}],"line":2},"1":{"loc":{"start":{"line":3,"column":11},"end":{"line":3,"column":61}},"type":"cond-expr","locations":[{"start":{"line":3,"column":37},"end":{"line":3,"column":40}},{"start":{"line":3,"column":43},"end":{"line":3,"column":61}}],"line":3},"2":{"loc":{"start":{"line":3,"column":12},"end":{"line":3,"column":33}},"type":"binary-expr","locations":[{"start":{"line":3,"column":12},"end":{"line":3,"column":15}},{"start":{"line":3,"column":19},"end":{"line":3,"column":33}}],"line":3},"3":{"loc":{"start":{"line":17,"column":8},"end":{"line":22,"column":9}},"type":"if","locations":[{"start":{"line":17,"column":8},"end":{"line":22,"column":9}},{"start":{"line":17,"column":8},"end":{"line":22,"column":9}}],"line":17},"4":{"loc":{"start":{"line":23,"column":8},"end":{"line":25,"column":9}},"type":"if","locations":[{"start":{"line":23,"column":8},"end":{"line":25,"column":9}},{"start":{"line":23,"column":8},"end":{"line":25,"column":9}}],"line":23},"5":{"loc":{"start":{"line":27,"column":8},"end":{"line":29,"column":9}},"type":"if","locations":[{"start":{"line":27,"column":8},"end":{"line":29,"column":9}},{"start":{"line":27,"column":8},"end":{"line":29,"column":9}}],"line":27},"6":{"loc":{"start":{"line":35,"column":8},"end":{"line":37,"column":9}},"type":"if","locations":[{"start":{"line":35,"column":8},"end":{"line":37,"column":9}},{"start":{"line":35,"column":8},"end":{"line":37,"column":9}}],"line":35},"7":{"loc":{"start":{"line":35,"column":12},"end":{"line":35,"column":85}},"type":"binary-expr","locations":[{"start":{"line":35,"column":12},"end":{"line":35,"column":28}},{"start":{"line":35,"column":32},"end":{"line":35,"column":47}},{"start":{"line":35,"column":51},"end":{"line":35,"column":85}}],"line":35},"8":{"loc":{"start":{"line":39,"column":8},"end":{"line":41,"column":9}},"type":"if","locations":[{"start":{"line":39,"column":8},"end":{"line":41,"column":9}},{"start":{"line":39,"column":8},"end":{"line":41,"column":9}}],"line":39},"9":{"loc":{"start":{"line":53,"column":8},"end":{"line":55,"column":9}},"type":"if","locations":[{"start":{"line":53,"column":8},"end":{"line":55,"column":9}},{"start":{"line":53,"column":8},"end":{"line":55,"column":9}}],"line":53}},"s":{"0":1,"1":2,"2":1,"3":1,"4":1,"5":1,"6":1,"7":1,"8":1,"9":1,"10":1,"11":60,"12":43,"13":17,"14":60,"15":16,"16":44,"17":44,"18":3,"19":41,"20":41,"21":24,"22":7,"23":4,"24":3,"25":3,"26":2,"27":1,"28":1,"29":106,"30":106,"31":26,"32":2,"33":2,"34":2,"35":1,"36":1,"37":1,"38":1,"39":1,"40":1,"41":1,"42":1},"f":{"0":2,"1":60,"2":7,"3":106,"4":2},"b":{"0":[1,1,1],"1":[0,2],"2":[2,2],"3":[43,17],"4":[16,44],"5":[3,41],"6":[4,3],"7":[7,5,4],"8":[2,1],"9":[1,1]},"inputSourceMap":{"version":3,"file":"/Users/bchoo/Desktop/project_team143/src/controller/InsightFacade.ts","sources":["/Users/bchoo/Desktop/project_team143/src/controller/InsightFacade.ts"],"names":[],"mappings":";;;;;AAAA,qDAO0B;AAC1B,wDAA0B;AAC1B,0DAA6B;AAC7B,uCAA8E;AAC9E,6DAAoD;AAEpD,mDAAgD;AAChD,qDAAkD;AAClD,qEAA2D;AAQ3D,MAAqB,aAAa;IAC1B,KAAK,CAAC,UAAU,CAAC,EAAU,EAAE,OAAe,EAAE,IAAwB;QAC5E,IAAI,MAAsB,CAAC;QAE3B,IAAI,IAAI,KAAK,mCAAkB,CAAC,QAAQ,EAAE;YACzC,MAAM,GAAG,IAAI,6BAAa,CAAC,EAAE,EAAE,OAAO,CAAC,CAAC;SACxC;aAAM;YACN,MAAM,GAAG,IAAI,+BAAc,CAAC,EAAE,EAAE,OAAO,CAAC,CAAC;SACzC;QAED,IAAI,CAAC,CAAC,MAAM,MAAM,CAAC,OAAO,EAAE,CAAC,EAAE;YAC9B,MAAM,IAAI,6BAAY,CAAC,uDAAuD,CAAC,CAAC;SAChF;QAED,MAAM,QAAQ,GAAG,mBAAI,CAAC,OAAO,CAAC,SAAS,EAAE,cAAc,EAAE,OAAO,CAAC,CAAC;QAGlE,IAAI,MAAM,kBAAE,CAAC,UAAU,CAAC,QAAQ,CAAC,EAAE;YAClC,MAAM,IAAI,6BAAY,CAAC,mBAAmB,CAAC,CAAC;SAC5C;QACD,MAAM,IAAA,4BAAkB,EAAC,QAAQ,CAAC,CAAC;QAEnC,MAAM,kBAAE,CAAC,UAAU,CAAC,QAAQ,EAAE,EAAE,EAAE,EAAE,EAAE,EAAE,OAAO,EAAE,MAAM,MAAM,CAAC,KAAK,EAAE,EAAE,IAAI,EAAE,IAAI,EAAE,CAAC,CAAC;QACrF,OAAO,MAAM,IAAA,gBAAM,GAAE,CAAC;IACvB,CAAC;IAEM,KAAK,CAAC,aAAa,CAAC,EAAU;QAIpC,IAAI,EAAE,CAAC,QAAQ,CAAC,GAAG,CAAC,IAAI,EAAE,CAAC,MAAM,KAAK,CAAC,IAAI,EAAE,CAAC,OAAO,CAAC,KAAK,EAAE,EAAE,CAAC,CAAC,MAAM,KAAK,CAAC,EAAE;YAC9E,MAAM,IAAI,6BAAY,CAAC,YAAY,CAAC,CAAC;SACrC;QAED,MAAM,QAAQ,GAAG,mBAAI,CAAC,OAAO,CAAC,SAAS,EAAE,cAAc,EAAE,OAAO,CAAC,CAAC;QAGlE,IAAI,CAAC,CAAC,MAAM,kBAAE,CAAC,UAAU,CAAC,QAAQ,CAAC,CAAC,EAAE;YACrC,MAAM,IAAI,8BAAa,CAAC,mBAAmB,CAAC,CAAC;SAC7C;QAED,MAAM,kBAAE,CAAC,MAAM,CAAC,QAAQ,CAAC,CAAC;QAE1B,OAAO,EAAE,CAAC;IACX,CAAC;IAEM,KAAK,CAAC,YAAY,CAAC,KAAc;QAEvC,IAAA,+BAAqB,EAAC,KAAK,CAAC,CAAC;QAC7B,MAAM,IAAA,wCAAe,EAAC,KAAK,CAAC,CAAC;QAC7B,OAAO,IAAI,iCAAY,EAAE,CAAC,WAAW,CAAC,KAAK,CAAC,CAAC;IAC9C,CAAC;IAEM,KAAK,CAAC,YAAY;QACxB,MAAM,YAAY,GAAqB,EAAE,CAAC;QAC1C,MAAM,YAAY,GAAG,EAAE,CAAC;QAExB,IAAI,CAAC,CAAC,MAAM,kBAAE,CAAC,UAAU,CAAC,QAAQ,CAAC,CAAC,EAAE;YACrC,OAAO,EAAE,CAAC;SACV;QAED,KAAK,MAAM,IAAI,IAAI,MAAM,kBAAE,CAAC,OAAO,CAAC,QAAQ,CAAC,EAAE;YAC9C,YAAY,CAAC,IAAI,CAAC,kBAAE,CAAC,QAAQ,CAAC,UAAU,IAAI,EAAE,CAAC,CAAC,CAAC;SACjD;QACD,MAAM,QAAQ,GAAG,MAAM,OAAO,CAAC,GAAG,CAAC,YAAY,CAAC,CAAC;QAEjD,KAAK,MAAM,OAAO,IAAI,QAAQ,EAAE;YAC/B,YAAY,CAAC,IAAI,CAAC,EAAE,EAAE,EAAE,OAAO,CAAC,EAAE,EAAE,IAAI,EAAE,OAAO,CAAC,IAAI,EAAE,OAAO,EAAE,OAAO,CAAC,OAAO,CAAC,MAAM,EAAE,CAAC,CAAC;SAC3F;QAED,OAAO,YAAY,CAAC;IACrB,CAAC;CACD;AAxED,gCAwEC","sourcesContent":["import {\n\tIInsightFacade,\n\tInsightDataset,\n\tInsightDatasetKind,\n\tInsightError,\n\tInsightResult,\n\tNotFoundError,\n} from \"./IInsightFacade\";\nimport fs from \"fs-extra\";\nimport path from \"node:path\";\nimport { checkValidQueryString, createEmptyDataset, getIds } from \"./helpers\";\nimport { PerformQuery } from \"./performQueryHelper\";\nimport { AbstractParser } from \"./AbstractParser\";\nimport { SectionParser } from \"./SectionParser\";\nimport { BuildingParser } from \"./BuildingParser\";\nimport { checkValidQuery } from \"./performValidatorHelper\";\n\n/**\n * This is the main programmatic entry point for the project.\n * Method documentation is in IInsightFacade\n *\n */\n\nexport default class InsightFacade implements IInsightFacade {\n\tpublic async addDataset(id: string, content: string, kind: InsightDatasetKind): Promise<string[]> {\n\t\tlet parser: AbstractParser;\n\n\t\tif (kind === InsightDatasetKind.Sections) {\n\t\t\tparser = new SectionParser(id, content);\n\t\t} else {\n\t\t\tparser = new BuildingParser(id, content);\n\t\t}\n\n\t\tif (!(await parser.isValid())) {\n\t\t\tthrow new InsightError(\"Error invalid id or base64 string or no course folder\");\n\t\t}\n\n\t\tconst filePath = path.resolve(__dirname, `../../data/${id}.json`);\n\n\t\t// If [id].json doesn't exist, create an empty one\n\t\tif (await fs.pathExists(filePath)) {\n\t\t\tthrow new InsightError(\"Id already exists\");\n\t\t}\n\t\tawait createEmptyDataset(filePath);\n\n\t\tawait fs.outputJSON(filePath, { id: id, content: await parser.parse(), kind: kind });\n\t\treturn await getIds();\n\t}\n\n\tpublic async removeDataset(id: string): Promise<string> {\n\t\t// TODO: Remove this once you implement the methods!\n\n\t\t// Validate id\n\t\tif (id.includes(\"_\") || id.length === 0 || id.replace(/\\s/g, \"\").length === 0) {\n\t\t\tthrow new InsightError(\"Invalid id\");\n\t\t}\n\n\t\tconst filePath = path.resolve(__dirname, `../../data/${id}.json`);\n\n\t\t// If the id doesn't exist, throw an error\n\t\tif (!(await fs.pathExists(filePath))) {\n\t\t\tthrow new NotFoundError(\"ID does not exist\");\n\t\t}\n\n\t\tawait fs.unlink(filePath);\n\n\t\treturn id;\n\t}\n\n\tpublic async performQuery(query: unknown): Promise<InsightResult[]> {\n\t\t// TODO: Remove this once you implement the methods!\n\t\tcheckValidQueryString(query);\n\t\tawait checkValidQuery(query);\n\t\treturn new PerformQuery().handleQuery(query);\n\t}\n\n\tpublic async listDatasets(): Promise<InsightDataset[]> {\n\t\tconst datasetArray: InsightDataset[] = [];\n\t\tconst readPromises = [];\n\n\t\tif (!(await fs.pathExists(\"./data\"))) {\n\t\t\treturn [];\n\t\t}\n\n\t\tfor (const file of await fs.readdir(\"./data\")) {\n\t\t\treadPromises.push(fs.readJson(`./data/${file}`));\n\t\t}\n\t\tconst datasets = await Promise.all(readPromises);\n\n\t\tfor (const dataset of datasets) {\n\t\t\tdatasetArray.push({ id: dataset.id, kind: dataset.kind, numRows: dataset.content.length });\n\t\t}\n\n\t\treturn datasetArray;\n\t}\n}\n"]},"_coverageSchema":"1a1c01bbd47fc00a2c39e90264f33305004495a9","hash":"4e20dd37bd2591d637496715c6cd90a4083cde8d","contentHash":"a9f9a13c0d2f6e243400afa3fe6e85d6b2fe33ba529158a8c5623471c0374702"},"/Users/bchoo/Desktop/project_team143/src/controller/helpers.ts":{"path":"/Users/bchoo/Desktop/project_team143/src/controller/helpers.ts","statementMap":{"0":{"start":{"line":2,"column":22},"end":{"line":4,"column":1}},"1":{"start":{"line":3,"column":4},"end":{"line":3,"column":62}},"2":{"start":{"line":5,"column":0},"end":{"line":5,"column":62}},"3":{"start":{"line":6,"column":0},"end":{"line":6,"column":85}},"4":{"start":{"line":7,"column":19},"end":{"line":7,"column":55}},"5":{"start":{"line":8,"column":25},"end":{"line":8,"column":52}},"6":{"start":{"line":9,"column":14},"end":{"line":9,"column":75}},"7":{"start":{"line":11,"column":19},"end":{"line":11,"column":21}},"8":{"start":{"line":12,"column":4},"end":{"line":14,"column":5}},"9":{"start":{"line":13,"column":8},"end":{"line":13,"column":40}},"10":{"start":{"line":15,"column":4},"end":{"line":15,"column":18}},"11":{"start":{"line":17,"column":0},"end":{"line":17,"column":24}},"12":{"start":{"line":19,"column":4},"end":{"line":24,"column":5}},"13":{"start":{"line":20,"column":8},"end":{"line":20,"column":54}},"14":{"start":{"line":23,"column":8},"end":{"line":23,"column":58}},"15":{"start":{"line":26,"column":0},"end":{"line":26,"column":48}},"16":{"start":{"line":28,"column":23},"end":{"line":28,"column":44}},"17":{"start":{"line":29,"column":4},"end":{"line":34,"column":5}},"18":{"start":{"line":30,"column":8},"end":{"line":30,"column":31}},"19":{"start":{"line":33,"column":8},"end":{"line":33,"column":64}},"20":{"start":{"line":35,"column":4},"end":{"line":35,"column":16}},"21":{"start":{"line":37,"column":0},"end":{"line":37,"column":54}}},"fnMap":{"0":{"name":"(anonymous_0)","decl":{"start":{"line":2,"column":56},"end":{"line":2,"column":57}},"loc":{"start":{"line":2,"column":71},"end":{"line":4,"column":1}},"line":2},"1":{"name":"getIds","decl":{"start":{"line":10,"column":15},"end":{"line":10,"column":21}},"loc":{"start":{"line":10,"column":24},"end":{"line":16,"column":1}},"line":10},"2":{"name":"createEmptyDataset","decl":{"start":{"line":18,"column":15},"end":{"line":18,"column":33}},"loc":{"start":{"line":18,"column":44},"end":{"line":25,"column":1}},"line":18},"3":{"name":"checkValidQueryString","decl":{"start":{"line":27,"column":9},"end":{"line":27,"column":30}},"loc":{"start":{"line":27,"column":38},"end":{"line":36,"column":1}},"line":27}},"branchMap":{"0":{"loc":{"start":{"line":2,"column":22},"end":{"line":4,"column":1}},"type":"binary-expr","locations":[{"start":{"line":2,"column":23},"end":{"line":2,"column":27}},{"start":{"line":2,"column":31},"end":{"line":2,"column":51}},{"start":{"line":2,"column":56},"end":{"line":4,"column":1}}],"line":2},"1":{"loc":{"start":{"line":3,"column":11},"end":{"line":3,"column":61}},"type":"cond-expr","locations":[{"start":{"line":3,"column":37},"end":{"line":3,"column":40}},{"start":{"line":3,"column":43},"end":{"line":3,"column":61}}],"line":3},"2":{"loc":{"start":{"line":3,"column":12},"end":{"line":3,"column":33}},"type":"binary-expr","locations":[{"start":{"line":3,"column":12},"end":{"line":3,"column":15}},{"start":{"line":3,"column":19},"end":{"line":3,"column":33}}],"line":3}},"s":{"0":1,"1":2,"2":1,"3":1,"4":1,"5":1,"6":1,"7":24,"8":24,"9":28,"10":24,"11":1,"12":41,"13":41,"14":0,"15":1,"16":106,"17":106,"18":106,"19":0,"20":106,"21":1},"f":{"0":2,"1":24,"2":41,"3":106},"b":{"0":[1,1,1],"1":[1,1],"2":[2,2]},"inputSourceMap":{"version":3,"file":"/Users/bchoo/Desktop/project_team143/src/controller/helpers.ts","sources":["/Users/bchoo/Desktop/project_team143/src/controller/helpers.ts"],"names":[],"mappings":";;;;;;AACA,wDAA0B;AAC1B,qDAAgD;AAChD,4EAAoD;AAe7C,KAAK,UAAU,MAAM;IAC3B,MAAM,MAAM,GAAa,EAAE,CAAC;IAC5B,KAAK,MAAM,IAAI,IAAI,MAAM,kBAAE,CAAC,OAAO,CAAC,QAAQ,CAAC,EAAE;QAC9C,MAAM,CAAC,IAAI,CAAC,IAAI,CAAC,KAAK,CAAC,GAAG,CAAC,CAAC,CAAC,CAAC,CAAC,CAAC;KAChC;IACD,OAAO,MAAM,CAAC;AACf,CAAC;AAND,wBAMC;AAEM,KAAK,UAAU,kBAAkB,CAAC,QAAgB;IACxD,IAAI;QACH,MAAM,kBAAE,CAAC,UAAU,CAAC,QAAQ,CAAC,CAAC;KAC9B;IAAC,OAAO,GAAG,EAAE;QACb,aAAG,CAAC,KAAK,CAAC,uBAAuB,GAAG,EAAE,CAAC,CAAC;KACxC;AACF,CAAC;AAND,gDAMC;AAED,SAAgB,qBAAqB,CAAC,KAAc;IACnD,MAAM,UAAU,GAAW,IAAI,CAAC,SAAS,CAAC,KAAK,CAAW,CAAC;IAC3D,IAAI;QACH,IAAI,CAAC,KAAK,CAAC,UAAU,CAAC,CAAC;KACvB;IAAC,OAAO,CAAC,EAAE;QACX,MAAM,IAAI,6BAAY,CAAC,cAAc,CAAC,CAAC;KACvC;IACD,OAAO,IAAI,CAAC;AACb,CAAC;AARD,sDAQC","sourcesContent":["// Gets the ids\nimport fs from \"fs-extra\";\nimport { InsightError } from \"./IInsightFacade\";\nimport Log from \"@ubccpsc310/folder-test/build/Log\";\n\n// export async function checkValidID(id: string, content: string): Promise<boolean> {\n// \tif (id.includes(\"_\") || id.length === 0 || id.replace(/\\s/g, \"\").length === 0) {\n// \t\tthrow new InsightError(\"Invalid ID\");\n// \t}\n// \tconst two = 2;\n// \tconst contentStringNoPad = content.substring(0, content.length - two);\n// \t//check if mod 4, check if includes special characters, == OK if its at second last or last pos\n// \tif (!isValidBase64(content) || contentStringNoPad.includes(\"=\")) {\n// \t\tthrow new InsightError(\"Invalid Zip\");\n// \t}\n// \treturn true;\n// }\n\nexport async function getIds(): Promise<string[]> {\n\tconst result: string[] = [];\n\tfor (const file of await fs.readdir(\"./data\")) {\n\t\tresult.push(file.split(\".\")[0]);\n\t}\n\treturn result;\n}\n\nexport async function createEmptyDataset(filePath: string): Promise<void> {\n\ttry {\n\t\tawait fs.ensureFile(filePath);\n\t} catch (err) {\n\t\tLog.trace(`Error creating file ${err}`);\n\t}\n}\n\nexport function checkValidQueryString(query: unknown): boolean {\n\tconst queryInput: string = JSON.stringify(query) as string;\n\ttry {\n\t\tJSON.parse(queryInput);\n\t} catch (_) {\n\t\tthrow new InsightError(\"Invalid JSON\");\n\t}\n\treturn true;\n}\n"]},"_coverageSchema":"1a1c01bbd47fc00a2c39e90264f33305004495a9","hash":"3e37f6bff8a45b3b503916f3b7c06ce6ddef6903","contentHash":"66d221cac3cbb57861b7e7d62f37a454bb1582292b07696e1379f2464cda08bd"},"/Users/bchoo/Desktop/project_team143/src/controller/performQueryHelper.ts":{"path":"/Users/bchoo/Desktop/project_team143/src/controller/performQueryHelper.ts","statementMap":{"0":{"start":{"line":2,"column":22},"end":{"line":4,"column":1}},"1":{"start":{"line":3,"column":4},"end":{"line":3,"column":62}},"2":{"start":{"line":5,"column":0},"end":{"line":5,"column":62}},"3":{"start":{"line":6,"column":0},"end":{"line":6,"column":58}},"4":{"start":{"line":7,"column":25},"end":{"line":7,"column":52}},"5":{"start":{"line":8,"column":14},"end":{"line":8,"column":75}},"6":{"start":{"line":9,"column":19},"end":{"line":9,"column":55}},"7":{"start":{"line":10,"column":21},"end":{"line":10,"column":59}},"8":{"start":{"line":11,"column":0},"end":{"line":11,"column":33}},"9":{"start":{"line":19,"column":8},"end":{"line":19,"column":21}},"10":{"start":{"line":20,"column":8},"end":{"line":20,"column":23}},"11":{"start":{"line":21,"column":8},"end":{"line":21,"column":25}},"12":{"start":{"line":22,"column":8},"end":{"line":22,"column":32}},"13":{"start":{"line":25,"column":8},"end":{"line":27,"column":9}},"14":{"start":{"line":26,"column":12},"end":{"line":26,"column":78}},"15":{"start":{"line":28,"column":25},"end":{"line":28,"column":30}},"16":{"start":{"line":29,"column":8},"end":{"line":29,"column":30}},"17":{"start":{"line":30,"column":8},"end":{"line":33,"column":9}},"18":{"start":{"line":31,"column":12},"end":{"line":31,"column":72}},"19":{"start":{"line":32,"column":12},"end":{"line":32,"column":92}},"20":{"start":{"line":34,"column":28},"end":{"line":34,"column":44}},"21":{"start":{"line":35,"column":8},"end":{"line":35,"column":43}},"22":{"start":{"line":36,"column":8},"end":{"line":36,"column":53}},"23":{"start":{"line":37,"column":8},"end":{"line":37,"column":59}},"24":{"start":{"line":38,"column":8},"end":{"line":40,"column":9}},"25":{"start":{"line":39,"column":12},"end":{"line":39,"column":82}},"26":{"start":{"line":41,"column":8},"end":{"line":43,"column":9}},"27":{"start":{"line":42,"column":12},"end":{"line":42,"column":65}},"28":{"start":{"line":44,"column":8},"end":{"line":46,"column":9}},"29":{"start":{"line":45,"column":12},"end":{"line":45,"column":53}},"30":{"start":{"line":47,"column":8},"end":{"line":47,"column":27}},"31":{"start":{"line":50,"column":8},"end":{"line":62,"column":9}},"32":{"start":{"line":51,"column":12},"end":{"line":53,"column":13}},"33":{"start":{"line":52,"column":16},"end":{"line":52,"column":86}},"34":{"start":{"line":54,"column":12},"end":{"line":60,"column":13}},"35":{"start":{"line":55,"column":37},"end":{"line":55,"column":39}},"36":{"start":{"line":56,"column":16},"end":{"line":58,"column":17}},"37":{"start":{"line":57,"column":20},"end":{"line":57,"column":59}},"38":{"start":{"line":59,"column":16},"end":{"line":59,"column":47}},"39":{"start":{"line":61,"column":12},"end":{"line":61,"column":19}},"40":{"start":{"line":63,"column":8},"end":{"line":76,"column":9}},"41":{"start":{"line":64,"column":12},"end":{"line":75,"column":13}},"42":{"start":{"line":65,"column":35},"end":{"line":65,"column":37}},"43":{"start":{"line":66,"column":16},"end":{"line":73,"column":17}},"44":{"start":{"line":67,"column":20},"end":{"line":69,"column":21}},"45":{"start":{"line":68,"column":24},"end":{"line":68,"column":63}},"46":{"start":{"line":72,"column":20},"end":{"line":72,"column":43}},"47":{"start":{"line":74,"column":16},"end":{"line":74,"column":47}},"48":{"start":{"line":79,"column":20},"end":{"line":79,"column":42}},"49":{"start":{"line":80,"column":8},"end":{"line":82,"column":9}},"50":{"start":{"line":81,"column":12},"end":{"line":81,"column":50}},"51":{"start":{"line":83,"column":8},"end":{"line":85,"column":9}},"52":{"start":{"line":84,"column":12},"end":{"line":84,"column":50}},"53":{"start":{"line":86,"column":8},"end":{"line":88,"column":9}},"54":{"start":{"line":87,"column":12},"end":{"line":87,"column":50}},"55":{"start":{"line":89,"column":8},"end":{"line":91,"column":9}},"56":{"start":{"line":90,"column":12},"end":{"line":90,"column":50}},"57":{"start":{"line":92,"column":8},"end":{"line":94,"column":9}},"58":{"start":{"line":93,"column":12},"end":{"line":93,"column":51}},"59":{"start":{"line":95,"column":8},"end":{"line":97,"column":9}},"60":{"start":{"line":96,"column":12},"end":{"line":96,"column":50}},"61":{"start":{"line":98,"column":8},"end":{"line":100,"column":9}},"62":{"start":{"line":99,"column":12},"end":{"line":99,"column":57}},"63":{"start":{"line":101,"column":8},"end":{"line":101,"column":21}},"64":{"start":{"line":104,"column":27},"end":{"line":104,"column":36}},"65":{"start":{"line":105,"column":8},"end":{"line":105,"column":73}},"66":{"start":{"line":105,"column":41},"end":{"line":105,"column":71}},"67":{"start":{"line":108,"column":27},"end":{"line":108,"column":37}},"68":{"start":{"line":109,"column":8},"end":{"line":109,"column":74}},"69":{"start":{"line":109,"column":42},"end":{"line":109,"column":72}},"70":{"start":{"line":112,"column":26},"end":{"line":112,"column":35}},"71":{"start":{"line":113,"column":20},"end":{"line":113,"column":45}},"72":{"start":{"line":114,"column":24},"end":{"line":114,"column":38}},"73":{"start":{"line":115,"column":8},"end":{"line":117,"column":9}},"74":{"start":{"line":116,"column":12},"end":{"line":116,"column":63}},"75":{"start":{"line":118,"column":8},"end":{"line":120,"column":9}},"76":{"start":{"line":119,"column":12},"end":{"line":119,"column":65}},"77":{"start":{"line":121,"column":8},"end":{"line":123,"column":9}},"78":{"start":{"line":122,"column":12},"end":{"line":122,"column":63}},"79":{"start":{"line":124,"column":8},"end":{"line":124,"column":40}},"80":{"start":{"line":127,"column":26},"end":{"line":127,"column":35}},"81":{"start":{"line":128,"column":20},"end":{"line":128,"column":45}},"82":{"start":{"line":129,"column":22},"end":{"line":129,"column":36}},"83":{"start":{"line":130,"column":8},"end":{"line":130,"column":36}},"84":{"start":{"line":133,"column":26},"end":{"line":133,"column":35}},"85":{"start":{"line":134,"column":20},"end":{"line":134,"column":45}},"86":{"start":{"line":135,"column":22},"end":{"line":135,"column":36}},"87":{"start":{"line":136,"column":8},"end":{"line":136,"column":36}},"88":{"start":{"line":139,"column":26},"end":{"line":139,"column":35}},"89":{"start":{"line":140,"column":20},"end":{"line":140,"column":45}},"90":{"start":{"line":141,"column":22},"end":{"line":141,"column":36}},"91":{"start":{"line":142,"column":8},"end":{"line":142,"column":38}},"92":{"start":{"line":145,"column":25},"end":{"line":145,"column":27}},"93":{"start":{"line":146,"column":8},"end":{"line":148,"column":9}},"94":{"start":{"line":147,"column":12},"end":{"line":147,"column":73}},"95":{"start":{"line":149,"column":24},"end":{"line":149,"column":83}},"96":{"start":{"line":150,"column":8},"end":{"line":152,"column":9}},"97":{"start":{"line":151,"column":12},"end":{"line":151,"column":73}},"98":{"start":{"line":153,"column":8},"end":{"line":155,"column":9}},"99":{"start":{"line":154,"column":12},"end":{"line":154,"column":35}},"100":{"start":{"line":156,"column":8},"end":{"line":156,"column":24}},"101":{"start":{"line":159,"column":8},"end":{"line":167,"column":11}},"102":{"start":{"line":160,"column":12},"end":{"line":162,"column":13}},"103":{"start":{"line":161,"column":16},"end":{"line":161,"column":26}},"104":{"start":{"line":163,"column":12},"end":{"line":165,"column":13}},"105":{"start":{"line":164,"column":16},"end":{"line":164,"column":25}},"106":{"start":{"line":166,"column":12},"end":{"line":166,"column":21}},"107":{"start":{"line":170,"column":8},"end":{"line":175,"column":9}},"108":{"start":{"line":171,"column":12},"end":{"line":171,"column":29}},"109":{"start":{"line":174,"column":12},"end":{"line":174,"column":51}},"110":{"start":{"line":178,"column":8},"end":{"line":178,"column":49}},"111":{"start":{"line":179,"column":8},"end":{"line":179,"column":48}},"112":{"start":{"line":182,"column":8},"end":{"line":193,"column":9}},"113":{"start":{"line":183,"column":28},"end":{"line":183,"column":58}},"114":{"start":{"line":184,"column":31},"end":{"line":184,"column":55}},"115":{"start":{"line":185,"column":12},"end":{"line":192,"column":13}},"116":{"start":{"line":186,"column":16},"end":{"line":186,"column":37}},"117":{"start":{"line":187,"column":16},"end":{"line":187,"column":55}},"118":{"start":{"line":190,"column":16},"end":{"line":190,"column":39}},"119":{"start":{"line":191,"column":16},"end":{"line":191,"column":55}},"120":{"start":{"line":196,"column":26},"end":{"line":196,"column":27}},"121":{"start":{"line":197,"column":24},"end":{"line":197,"column":26}},"122":{"start":{"line":198,"column":8},"end":{"line":224,"column":9}},"123":{"start":{"line":199,"column":26},"end":{"line":199,"column":41}},"124":{"start":{"line":200,"column":12},"end":{"line":222,"column":13}},"125":{"start":{"line":201,"column":33},"end":{"line":201,"column":57}},"126":{"start":{"line":202,"column":33},"end":{"line":202,"column":51}},"127":{"start":{"line":203,"column":34},"end":{"line":203,"column":58}},"128":{"start":{"line":204,"column":38},"end":{"line":204,"column":57}},"129":{"start":{"line":205,"column":16},"end":{"line":208,"column":17}},"130":{"start":{"line":206,"column":32},"end":{"line":206,"column":78}},"131":{"start":{"line":207,"column":20},"end":{"line":207,"column":69}},"132":{"start":{"line":209,"column":16},"end":{"line":211,"column":17}},"133":{"start":{"line":210,"column":20},"end":{"line":210,"column":85}},"134":{"start":{"line":212,"column":16},"end":{"line":214,"column":17}},"135":{"start":{"line":213,"column":20},"end":{"line":213,"column":85}},"136":{"start":{"line":215,"column":16},"end":{"line":218,"column":17}},"137":{"start":{"line":216,"column":32},"end":{"line":216,"column":78}},"138":{"start":{"line":217,"column":20},"end":{"line":217,"column":69}},"139":{"start":{"line":219,"column":16},"end":{"line":221,"column":17}},"140":{"start":{"line":220,"column":20},"end":{"line":220,"column":87}},"141":{"start":{"line":223,"column":12},"end":{"line":223,"column":32}},"142":{"start":{"line":225,"column":8},"end":{"line":225,"column":30}},"143":{"start":{"line":228,"column":20},"end":{"line":228,"column":47}},"144":{"start":{"line":229,"column":8},"end":{"line":231,"column":9}},"145":{"start":{"line":230,"column":12},"end":{"line":230,"column":96}},"146":{"start":{"line":232,"column":8},"end":{"line":232,"column":47}},"147":{"start":{"line":235,"column":18},"end":{"line":235,"column":48}},"148":{"start":{"line":236,"column":8},"end":{"line":240,"column":9}},"149":{"start":{"line":237,"column":12},"end":{"line":239,"column":13}},"150":{"start":{"line":238,"column":16},"end":{"line":238,"column":45}},"151":{"start":{"line":241,"column":8},"end":{"line":241,"column":19}},"152":{"start":{"line":244,"column":18},"end":{"line":244,"column":48}},"153":{"start":{"line":245,"column":8},"end":{"line":249,"column":9}},"154":{"start":{"line":246,"column":12},"end":{"line":248,"column":13}},"155":{"start":{"line":247,"column":16},"end":{"line":247,"column":45}},"156":{"start":{"line":250,"column":8},"end":{"line":250,"column":19}},"157":{"start":{"line":253,"column":20},"end":{"line":253,"column":47}},"158":{"start":{"line":254,"column":8},"end":{"line":256,"column":9}},"159":{"start":{"line":255,"column":12},"end":{"line":255,"column":101}},"160":{"start":{"line":257,"column":8},"end":{"line":257,"column":32}},"161":{"start":{"line":260,"column":8},"end":{"line":260,"column":88}},"162":{"start":{"line":260,"column":56},"end":{"line":260,"column":77}},"163":{"start":{"line":263,"column":8},"end":{"line":263,"column":105}},"164":{"start":{"line":263,"column":85},"end":{"line":263,"column":101}},"165":{"start":{"line":266,"column":8},"end":{"line":281,"column":9}},"166":{"start":{"line":267,"column":12},"end":{"line":280,"column":15}},"167":{"start":{"line":268,"column":16},"end":{"line":278,"column":17}},"168":{"start":{"line":269,"column":20},"end":{"line":271,"column":21}},"169":{"start":{"line":270,"column":24},"end":{"line":270,"column":33}},"170":{"start":{"line":272,"column":20},"end":{"line":274,"column":21}},"171":{"start":{"line":273,"column":24},"end":{"line":273,"column":34}},"172":{"start":{"line":275,"column":20},"end":{"line":277,"column":21}},"173":{"start":{"line":276,"column":24},"end":{"line":276,"column":33}},"174":{"start":{"line":279,"column":16},"end":{"line":279,"column":25}},"175":{"start":{"line":282,"column":8},"end":{"line":297,"column":9}},"176":{"start":{"line":283,"column":12},"end":{"line":296,"column":15}},"177":{"start":{"line":284,"column":16},"end":{"line":294,"column":17}},"178":{"start":{"line":285,"column":20},"end":{"line":287,"column":21}},"179":{"start":{"line":286,"column":24},"end":{"line":286,"column":33}},"180":{"start":{"line":288,"column":20},"end":{"line":290,"column":21}},"181":{"start":{"line":289,"column":24},"end":{"line":289,"column":33}},"182":{"start":{"line":291,"column":20},"end":{"line":293,"column":21}},"183":{"start":{"line":292,"column":24},"end":{"line":292,"column":34}},"184":{"start":{"line":295,"column":16},"end":{"line":295,"column":25}},"185":{"start":{"line":300,"column":0},"end":{"line":300,"column":36}}},"fnMap":{"0":{"name":"(anonymous_0)","decl":{"start":{"line":2,"column":56},"end":{"line":2,"column":57}},"loc":{"start":{"line":2,"column":71},"end":{"line":4,"column":1}},"line":2},"1":{"name":"(anonymous_1)","decl":{"start":{"line":18,"column":4},"end":{"line":18,"column":5}},"loc":{"start":{"line":18,"column":18},"end":{"line":23,"column":5}},"line":18},"2":{"name":"(anonymous_2)","decl":{"start":{"line":24,"column":4},"end":{"line":24,"column":5}},"loc":{"start":{"line":24,"column":29},"end":{"line":48,"column":5}},"line":24},"3":{"name":"(anonymous_3)","decl":{"start":{"line":49,"column":4},"end":{"line":49,"column":5}},"loc":{"start":{"line":49,"column":33},"end":{"line":77,"column":5}},"line":49},"4":{"name":"(anonymous_4)","decl":{"start":{"line":78,"column":4},"end":{"line":78,"column":5}},"loc":{"start":{"line":78,"column":32},"end":{"line":102,"column":5}},"line":78},"5":{"name":"(anonymous_5)","decl":{"start":{"line":103,"column":4},"end":{"line":103,"column":5}},"loc":{"start":{"line":103,"column":30},"end":{"line":106,"column":5}},"line":103},"6":{"name":"(anonymous_6)","decl":{"start":{"line":105,"column":31},"end":{"line":105,"column":32}},"loc":{"start":{"line":105,"column":41},"end":{"line":105,"column":71}},"line":105},"7":{"name":"(anonymous_7)","decl":{"start":{"line":107,"column":4},"end":{"line":107,"column":5}},"loc":{"start":{"line":107,"column":31},"end":{"line":110,"column":5}},"line":107},"8":{"name":"(anonymous_8)","decl":{"start":{"line":109,"column":32},"end":{"line":109,"column":33}},"loc":{"start":{"line":109,"column":42},"end":{"line":109,"column":72}},"line":109},"9":{"name":"(anonymous_9)","decl":{"start":{"line":111,"column":4},"end":{"line":111,"column":5}},"loc":{"start":{"line":111,"column":30},"end":{"line":125,"column":5}},"line":111},"10":{"name":"(anonymous_10)","decl":{"start":{"line":126,"column":4},"end":{"line":126,"column":5}},"loc":{"start":{"line":126,"column":30},"end":{"line":131,"column":5}},"line":126},"11":{"name":"(anonymous_11)","decl":{"start":{"line":132,"column":4},"end":{"line":132,"column":5}},"loc":{"start":{"line":132,"column":30},"end":{"line":137,"column":5}},"line":132},"12":{"name":"(anonymous_12)","decl":{"start":{"line":138,"column":4},"end":{"line":138,"column":5}},"loc":{"start":{"line":138,"column":30},"end":{"line":143,"column":5}},"line":138},"13":{"name":"(anonymous_13)","decl":{"start":{"line":144,"column":4},"end":{"line":144,"column":5}},"loc":{"start":{"line":144,"column":32},"end":{"line":157,"column":5}},"line":144},"14":{"name":"(anonymous_14)","decl":{"start":{"line":158,"column":4},"end":{"line":158,"column":5}},"loc":{"start":{"line":158,"column":16},"end":{"line":168,"column":5}},"line":158},"15":{"name":"(anonymous_15)","decl":{"start":{"line":159,"column":25},"end":{"line":159,"column":26}},"loc":{"start":{"line":159,"column":35},"end":{"line":167,"column":9}},"line":159},"16":{"name":"(anonymous_16)","decl":{"start":{"line":169,"column":4},"end":{"line":169,"column":5}},"loc":{"start":{"line":169,"column":23},"end":{"line":176,"column":5}},"line":169},"17":{"name":"(anonymous_17)","decl":{"start":{"line":177,"column":4},"end":{"line":177,"column":5}},"loc":{"start":{"line":177,"column":43},"end":{"line":180,"column":5}},"line":177},"18":{"name":"(anonymous_18)","decl":{"start":{"line":181,"column":4},"end":{"line":181,"column":5}},"loc":{"start":{"line":181,"column":28},"end":{"line":194,"column":5}},"line":181},"19":{"name":"(anonymous_19)","decl":{"start":{"line":195,"column":4},"end":{"line":195,"column":5}},"loc":{"start":{"line":195,"column":31},"end":{"line":226,"column":5}},"line":195},"20":{"name":"(anonymous_20)","decl":{"start":{"line":227,"column":4},"end":{"line":227,"column":5}},"loc":{"start":{"line":227,"column":34},"end":{"line":233,"column":5}},"line":227},"21":{"name":"(anonymous_21)","decl":{"start":{"line":234,"column":4},"end":{"line":234,"column":5}},"loc":{"start":{"line":234,"column":46},"end":{"line":242,"column":5}},"line":234},"22":{"name":"(anonymous_22)","decl":{"start":{"line":243,"column":4},"end":{"line":243,"column":5}},"loc":{"start":{"line":243,"column":46},"end":{"line":251,"column":5}},"line":243},"23":{"name":"(anonymous_23)","decl":{"start":{"line":252,"column":4},"end":{"line":252,"column":5}},"loc":{"start":{"line":252,"column":46},"end":{"line":258,"column":5}},"line":252},"24":{"name":"(anonymous_24)","decl":{"start":{"line":259,"column":4},"end":{"line":259,"column":5}},"loc":{"start":{"line":259,"column":48},"end":{"line":261,"column":5}},"line":259},"25":{"name":"(anonymous_25)","decl":{"start":{"line":260,"column":44},"end":{"line":260,"column":45}},"loc":{"start":{"line":260,"column":56},"end":{"line":260,"column":77}},"line":260},"26":{"name":"(anonymous_26)","decl":{"start":{"line":262,"column":4},"end":{"line":262,"column":5}},"loc":{"start":{"line":262,"column":25},"end":{"line":264,"column":5}},"line":262},"27":{"name":"(anonymous_27)","decl":{"start":{"line":263,"column":76},"end":{"line":263,"column":77}},"loc":{"start":{"line":263,"column":85},"end":{"line":263,"column":101}},"line":263},"28":{"name":"(anonymous_28)","decl":{"start":{"line":265,"column":4},"end":{"line":265,"column":5}},"loc":{"start":{"line":265,"column":26},"end":{"line":298,"column":5}},"line":265},"29":{"name":"(anonymous_29)","decl":{"start":{"line":267,"column":29},"end":{"line":267,"column":30}},"loc":{"start":{"line":267,"column":39},"end":{"line":280,"column":13}},"line":267},"30":{"name":"(anonymous_30)","decl":{"start":{"line":283,"column":29},"end":{"line":283,"column":30}},"loc":{"start":{"line":283,"column":39},"end":{"line":296,"column":13}},"line":283}},"branchMap":{"0":{"loc":{"start":{"line":2,"column":22},"end":{"line":4,"column":1}},"type":"binary-expr","locations":[{"start":{"line":2,"column":23},"end":{"line":2,"column":27}},{"start":{"line":2,"column":31},"end":{"line":2,"column":51}},{"start":{"line":2,"column":56},"end":{"line":4,"column":1}}],"line":2},"1":{"loc":{"start":{"line":3,"column":11},"end":{"line":3,"column":61}},"type":"cond-expr","locations":[{"start":{"line":3,"column":37},"end":{"line":3,"column":40}},{"start":{"line":3,"column":43},"end":{"line":3,"column":61}}],"line":3},"2":{"loc":{"start":{"line":3,"column":12},"end":{"line":3,"column":33}},"type":"binary-expr","locations":[{"start":{"line":3,"column":12},"end":{"line":3,"column":15}},{"start":{"line":3,"column":19},"end":{"line":3,"column":33}}],"line":3},"3":{"loc":{"start":{"line":25,"column":8},"end":{"line":27,"column":9}},"type":"if","locations":[{"start":{"line":25,"column":8},"end":{"line":27,"column":9}},{"start":{"line":25,"column":8},"end":{"line":27,"column":9}}],"line":25},"4":{"loc":{"start":{"line":25,"column":12},"end":{"line":25,"column":79}},"type":"binary-expr","locations":[{"start":{"line":25,"column":12},"end":{"line":25,"column":37}},{"start":{"line":25,"column":41},"end":{"line":25,"column":61}},{"start":{"line":25,"column":65},"end":{"line":25,"column":79}}],"line":25},"5":{"loc":{"start":{"line":30,"column":8},"end":{"line":33,"column":9}},"type":"if","locations":[{"start":{"line":30,"column":8},"end":{"line":33,"column":9}},{"start":{"line":30,"column":8},"end":{"line":33,"column":9}}],"line":30},"6":{"loc":{"start":{"line":30,"column":12},"end":{"line":30,"column":74}},"type":"binary-expr","locations":[{"start":{"line":30,"column":12},"end":{"line":30,"column":40}},{"start":{"line":30,"column":44},"end":{"line":30,"column":74}}],"line":30},"7":{"loc":{"start":{"line":38,"column":8},"end":{"line":40,"column":9}},"type":"if","locations":[{"start":{"line":38,"column":8},"end":{"line":40,"column":9}},{"start":{"line":38,"column":8},"end":{"line":40,"column":9}}],"line":38},"8":{"loc":{"start":{"line":41,"column":8},"end":{"line":43,"column":9}},"type":"if","locations":[{"start":{"line":41,"column":8},"end":{"line":43,"column":9}},{"start":{"line":41,"column":8},"end":{"line":43,"column":9}}],"line":41},"9":{"loc":{"start":{"line":44,"column":8},"end":{"line":46,"column":9}},"type":"if","locations":[{"start":{"line":44,"column":8},"end":{"line":46,"column":9}},{"start":{"line":44,"column":8},"end":{"line":46,"column":9}}],"line":44},"10":{"loc":{"start":{"line":50,"column":8},"end":{"line":62,"column":9}},"type":"if","locations":[{"start":{"line":50,"column":8},"end":{"line":62,"column":9}},{"start":{"line":50,"column":8},"end":{"line":62,"column":9}}],"line":50},"11":{"loc":{"start":{"line":51,"column":12},"end":{"line":53,"column":13}},"type":"if","locations":[{"start":{"line":51,"column":12},"end":{"line":53,"column":13}},{"start":{"line":51,"column":12},"end":{"line":53,"column":13}}],"line":51},"12":{"loc":{"start":{"line":64,"column":12},"end":{"line":75,"column":13}},"type":"if","locations":[{"start":{"line":64,"column":12},"end":{"line":75,"column":13}},{"start":{"line":64,"column":12},"end":{"line":75,"column":13}}],"line":64},"13":{"loc":{"start":{"line":66,"column":16},"end":{"line":73,"column":17}},"type":"if","locations":[{"start":{"line":66,"column":16},"end":{"line":73,"column":17}},{"start":{"line":66,"column":16},"end":{"line":73,"column":17}}],"line":66},"14":{"loc":{"start":{"line":80,"column":8},"end":{"line":82,"column":9}},"type":"if","locations":[{"start":{"line":80,"column":8},"end":{"line":82,"column":9}},{"start":{"line":80,"column":8},"end":{"line":82,"column":9}}],"line":80},"15":{"loc":{"start":{"line":83,"column":8},"end":{"line":85,"column":9}},"type":"if","locations":[{"start":{"line":83,"column":8},"end":{"line":85,"column":9}},{"start":{"line":83,"column":8},"end":{"line":85,"column":9}}],"line":83},"16":{"loc":{"start":{"line":86,"column":8},"end":{"line":88,"column":9}},"type":"if","locations":[{"start":{"line":86,"column":8},"end":{"line":88,"column":9}},{"start":{"line":86,"column":8},"end":{"line":88,"column":9}}],"line":86},"17":{"loc":{"start":{"line":89,"column":8},"end":{"line":91,"column":9}},"type":"if","locations":[{"start":{"line":89,"column":8},"end":{"line":91,"column":9}},{"start":{"line":89,"column":8},"end":{"line":91,"column":9}}],"line":89},"18":{"loc":{"start":{"line":92,"column":8},"end":{"line":94,"column":9}},"type":"if","locations":[{"start":{"line":92,"column":8},"end":{"line":94,"column":9}},{"start":{"line":92,"column":8},"end":{"line":94,"column":9}}],"line":92},"19":{"loc":{"start":{"line":95,"column":8},"end":{"line":97,"column":9}},"type":"if","locations":[{"start":{"line":95,"column":8},"end":{"line":97,"column":9}},{"start":{"line":95,"column":8},"end":{"line":97,"column":9}}],"line":95},"20":{"loc":{"start":{"line":98,"column":8},"end":{"line":100,"column":9}},"type":"if","locations":[{"start":{"line":98,"column":8},"end":{"line":100,"column":9}},{"start":{"line":98,"column":8},"end":{"line":100,"column":9}}],"line":98},"21":{"loc":{"start":{"line":115,"column":8},"end":{"line":117,"column":9}},"type":"if","locations":[{"start":{"line":115,"column":8},"end":{"line":117,"column":9}},{"start":{"line":115,"column":8},"end":{"line":117,"column":9}}],"line":115},"22":{"loc":{"start":{"line":115,"column":12},"end":{"line":115,"column":60}},"type":"binary-expr","locations":[{"start":{"line":115,"column":12},"end":{"line":115,"column":35}},{"start":{"line":115,"column":39},"end":{"line":115,"column":60}}],"line":115},"23":{"loc":{"start":{"line":118,"column":8},"end":{"line":120,"column":9}},"type":"if","locations":[{"start":{"line":118,"column":8},"end":{"line":120,"column":9}},{"start":{"line":118,"column":8},"end":{"line":120,"column":9}}],"line":118},"24":{"loc":{"start":{"line":121,"column":8},"end":{"line":123,"column":9}},"type":"if","locations":[{"start":{"line":121,"column":8},"end":{"line":123,"column":9}},{"start":{"line":121,"column":8},"end":{"line":123,"column":9}}],"line":121},"25":{"loc":{"start":{"line":146,"column":8},"end":{"line":148,"column":9}},"type":"if","locations":[{"start":{"line":146,"column":8},"end":{"line":148,"column":9}},{"start":{"line":146,"column":8},"end":{"line":148,"column":9}}],"line":146},"26":{"loc":{"start":{"line":150,"column":8},"end":{"line":152,"column":9}},"type":"if","locations":[{"start":{"line":150,"column":8},"end":{"line":152,"column":9}},{"start":{"line":150,"column":8},"end":{"line":152,"column":9}}],"line":150},"27":{"loc":{"start":{"line":160,"column":12},"end":{"line":162,"column":13}},"type":"if","locations":[{"start":{"line":160,"column":12},"end":{"line":162,"column":13}},{"start":{"line":160,"column":12},"end":{"line":162,"column":13}}],"line":160},"28":{"loc":{"start":{"line":163,"column":12},"end":{"line":165,"column":13}},"type":"if","locations":[{"start":{"line":163,"column":12},"end":{"line":165,"column":13}},{"start":{"line":163,"column":12},"end":{"line":165,"column":13}}],"line":163},"29":{"loc":{"start":{"line":170,"column":8},"end":{"line":175,"column":9}},"type":"if","locations":[{"start":{"line":170,"column":8},"end":{"line":175,"column":9}},{"start":{"line":170,"column":8},"end":{"line":175,"column":9}}],"line":170},"30":{"loc":{"start":{"line":185,"column":12},"end":{"line":192,"column":13}},"type":"if","locations":[{"start":{"line":185,"column":12},"end":{"line":192,"column":13}},{"start":{"line":185,"column":12},"end":{"line":192,"column":13}}],"line":185},"31":{"loc":{"start":{"line":205,"column":16},"end":{"line":208,"column":17}},"type":"if","locations":[{"start":{"line":205,"column":16},"end":{"line":208,"column":17}},{"start":{"line":205,"column":16},"end":{"line":208,"column":17}}],"line":205},"32":{"loc":{"start":{"line":209,"column":16},"end":{"line":211,"column":17}},"type":"if","locations":[{"start":{"line":209,"column":16},"end":{"line":211,"column":17}},{"start":{"line":209,"column":16},"end":{"line":211,"column":17}}],"line":209},"33":{"loc":{"start":{"line":212,"column":16},"end":{"line":214,"column":17}},"type":"if","locations":[{"start":{"line":212,"column":16},"end":{"line":214,"column":17}},{"start":{"line":212,"column":16},"end":{"line":214,"column":17}}],"line":212},"34":{"loc":{"start":{"line":215,"column":16},"end":{"line":218,"column":17}},"type":"if","locations":[{"start":{"line":215,"column":16},"end":{"line":218,"column":17}},{"start":{"line":215,"column":16},"end":{"line":218,"column":17}}],"line":215},"35":{"loc":{"start":{"line":219,"column":16},"end":{"line":221,"column":17}},"type":"if","locations":[{"start":{"line":219,"column":16},"end":{"line":221,"column":17}},{"start":{"line":219,"column":16},"end":{"line":221,"column":17}}],"line":219},"36":{"loc":{"start":{"line":237,"column":12},"end":{"line":239,"column":13}},"type":"if","locations":[{"start":{"line":237,"column":12},"end":{"line":239,"column":13}},{"start":{"line":237,"column":12},"end":{"line":239,"column":13}}],"line":237},"37":{"loc":{"start":{"line":246,"column":12},"end":{"line":248,"column":13}},"type":"if","locations":[{"start":{"line":246,"column":12},"end":{"line":248,"column":13}},{"start":{"line":246,"column":12},"end":{"line":248,"column":13}}],"line":246},"38":{"loc":{"start":{"line":266,"column":8},"end":{"line":281,"column":9}},"type":"if","locations":[{"start":{"line":266,"column":8},"end":{"line":281,"column":9}},{"start":{"line":266,"column":8},"end":{"line":281,"column":9}}],"line":266},"39":{"loc":{"start":{"line":269,"column":20},"end":{"line":271,"column":21}},"type":"if","locations":[{"start":{"line":269,"column":20},"end":{"line":271,"column":21}},{"start":{"line":269,"column":20},"end":{"line":271,"column":21}}],"line":269},"40":{"loc":{"start":{"line":272,"column":20},"end":{"line":274,"column":21}},"type":"if","locations":[{"start":{"line":272,"column":20},"end":{"line":274,"column":21}},{"start":{"line":272,"column":20},"end":{"line":274,"column":21}}],"line":272},"41":{"loc":{"start":{"line":275,"column":20},"end":{"line":277,"column":21}},"type":"if","locations":[{"start":{"line":275,"column":20},"end":{"line":277,"column":21}},{"start":{"line":275,"column":20},"end":{"line":277,"column":21}}],"line":275},"42":{"loc":{"start":{"line":282,"column":8},"end":{"line":297,"column":9}},"type":"if","locations":[{"start":{"line":282,"column":8},"end":{"line":297,"column":9}},{"start":{"line":282,"column":8},"end":{"line":297,"column":9}}],"line":282},"43":{"loc":{"start":{"line":285,"column":20},"end":{"line":287,"column":21}},"type":"if","locations":[{"start":{"line":285,"column":20},"end":{"line":287,"column":21}},{"start":{"line":285,"column":20},"end":{"line":287,"column":21}}],"line":285},"44":{"loc":{"start":{"line":288,"column":20},"end":{"line":290,"column":21}},"type":"if","locations":[{"start":{"line":288,"column":20},"end":{"line":290,"column":21}},{"start":{"line":288,"column":20},"end":{"line":290,"column":21}}],"line":288},"45":{"loc":{"start":{"line":291,"column":20},"end":{"line":293,"column":21}},"type":"if","locations":[{"start":{"line":291,"column":20},"end":{"line":293,"column":21}},{"start":{"line":291,"column":20},"end":{"line":293,"column":21}}],"line":291}},"s":{"0":1,"1":3,"2":1,"3":1,"4":1,"5":1,"6":1,"7":1,"8":1,"9":26,"10":26,"11":26,"12":26,"13":26,"14":0,"15":26,"16":26,"17":26,"18":0,"19":0,"20":26,"21":26,"22":26,"23":26,"24":24,"25":1,"26":23,"27":9,"28":23,"29":7,"30":23,"31":26,"32":2,"33":2,"34":0,"35":0,"36":0,"37":0,"38":0,"39":0,"40":24,"41":1422192,"42":95537,"43":95537,"44":76386,"45":273250,"46":19151,"47":95537,"48":1876973,"49":1876973,"50":711593,"51":1165380,"52":258448,"53":906932,"54":64884,"55":842048,"56":453284,"57":388764,"58":129952,"59":258812,"60":64612,"61":194200,"62":194200,"63":0,"64":64612,"65":64612,"66":65428,"67":129952,"68":129952,"69":195153,"70":453284,"71":453284,"72":453284,"73":453284,"74":65612,"75":387672,"76":64612,"77":323060,"78":64612,"79":258448,"80":711593,"81":711593,"82":711593,"83":711593,"84":258448,"85":258448,"86":258448,"87":258448,"88":64884,"89":64884,"90":64884,"91":64884,"92":26,"93":26,"94":0,"95":26,"96":26,"97":0,"98":26,"99":1551416,"100":26,"101":3,"102":4094,"103":2126,"104":1968,"105":1692,"106":276,"107":7,"108":3,"109":4,"110":9,"111":9,"112":9,"113":19151,"114":19151,"115":19151,"116":11912,"117":11912,"118":7239,"119":7239,"120":9,"121":9,"122":9,"123":11912,"124":11912,"125":30752,"126":30752,"127":30752,"128":30752,"129":30752,"130":10480,"131":10480,"132":30752,"133":1783,"134":30752,"135":1789,"136":30752,"137":1780,"138":1780,"139":30752,"140":14920,"141":11912,"142":9,"143":10480,"144":10480,"145":15995,"146":10480,"147":1783,"148":1783,"149":3491,"150":511,"151":1783,"152":1789,"153":1789,"154":3512,"155":462,"156":1789,"157":1780,"158":1780,"159":3487,"160":1780,"161":14920,"162":19122,"163":19151,"164":191874,"165":4,"166":1,"167":29633,"168":34690,"169":6496,"170":28194,"171":15312,"172":12882,"173":12882,"174":1439,"175":4,"176":3,"177":30017,"178":35873,"179":7279,"180":28594,"181":12952,"182":15642,"183":15642,"184":1423,"185":1},"f":{"0":3,"1":26,"2":26,"3":26,"4":1876973,"5":64612,"6":65428,"7":129952,"8":195153,"9":453284,"10":711593,"11":258448,"12":64884,"13":26,"14":3,"15":4094,"16":7,"17":9,"18":9,"19":9,"20":10480,"21":1783,"22":1789,"23":1780,"24":14920,"25":19122,"26":19151,"27":191874,"28":4,"29":29633,"30":30017},"b":{"0":[1,1,1],"1":[1,2],"2":[3,3],"3":[0,26],"4":[26,26,26],"5":[0,26],"6":[26,26],"7":[1,23],"8":[9,14],"9":[7,16],"10":[2,24],"11":[2,0],"12":[95537,1326655],"13":[76386,19151],"14":[711593,1165380],"15":[258448,906932],"16":[64884,842048],"17":[453284,388764],"18":[129952,258812],"19":[64612,194200],"20":[194200,0],"21":[65612,387672],"22":[453284,130224],"23":[64612,323060],"24":[64612,258448],"25":[0,26],"26":[0,26],"27":[2126,1968],"28":[1692,276],"29":[3,4],"30":[11912,7239],"31":[10480,20272],"32":[1783,28969],"33":[1789,28963],"34":[1780,28972],"35":[14920,15832],"36":[511,2980],"37":[462,3050],"38":[1,3],"39":[6496,28194],"40":[15312,12882],"41":[12882,0],"42":[3,1],"43":[7279,28594],"44":[12952,15642],"45":[15642,0]},"inputSourceMap":{"version":3,"file":"/Users/bchoo/Desktop/project_team143/src/controller/performQueryHelper.ts","sources":["/Users/bchoo/Desktop/project_team143/src/controller/performQueryHelper.ts"],"names":[],"mappings":";;;;;;AAAA,qDAAoF;AACpF,4EAAoD;AACpD,wDAA0B;AAC1B,4DAAiC;AAEpB,QAAA,iBAAiB,GAAG,IAAI,CAAC;AAatC,MAAa,YAAY;IAChB,EAAE,CAAS;IACX,IAAI,CAAkB;IACtB,MAAM,CAAkB;IACxB,MAAM,CAA+B;IACrC,KAAK,CAAoB;IAEjC;QACC,IAAI,CAAC,EAAE,GAAG,EAAE,CAAC;QACb,IAAI,CAAC,IAAI,GAAG,EAAE,CAAC;QACf,IAAI,CAAC,MAAM,GAAG,EAAE,CAAC;QACjB,IAAI,CAAC,MAAM,GAAG,IAAI,GAAG,EAAE,CAAC;IACzB,CAAC;IAEM,KAAK,CAAC,WAAW,CAAC,KAAc;QACtC,IAAI,OAAO,KAAK,KAAK,QAAQ,IAAI,KAAK,CAAC,OAAO,CAAC,KAAK,CAAC,IAAI,KAAK,KAAK,IAAI,EAAE;YACxE,MAAM,IAAI,6BAAY,CAAC,wBAAwB,CAAC,CAAC;SACjD;QAED,MAAM,QAAQ,GAAU,KAAc,CAAC;QACvC,IAAI,CAAC,KAAK,GAAG,QAAQ,CAAC;QAEtB,IAAI,QAAQ,CAAC,KAAK,KAAK,SAAS,IAAI,QAAQ,CAAC,OAAO,KAAK,SAAS,EAAE;YACnE,aAAG,CAAC,KAAK,CAAC,sCAAsC,CAAC,CAAC;YAClD,MAAM,IAAI,6BAAY,CAAC,sCAAsC,CAAC,CAAC;SAC/D;QAED,MAAM,EAAE,OAAO,EAAE,GAAG,QAAQ,CAAC,OAAkB,CAAC;QAEhD,IAAI,CAAC,EAAE,GAAG,OAAO,CAAC,CAAC,CAAC,CAAC,KAAK,CAAC,GAAG,CAAC,CAAC,CAAC,CAAC,CAAC;QACnC,IAAI,CAAC,IAAI,GAAG,MAAM,IAAI,CAAC,mBAAmB,EAAE,CAAC;QAC7C,IAAI,CAAC,WAAW,CAAC,QAAQ,CAAC,KAAK,EAAE,QAAQ,CAAC,OAAO,CAAC,CAAC;QAEnD,IAAI,IAAI,CAAC,MAAM,CAAC,MAAM,GAAG,yBAAiB,EAAE;YAC3C,MAAM,IAAI,oCAAmB,CAAC,qBAAqB,CAAC,CAAC;SACrD;QACD,IAAI,QAAQ,CAAC,eAAe,KAAK,SAAS,EAAE;YAC3C,IAAI,CAAC,qBAAqB,CAAC,QAAQ,CAAC,eAAe,CAAC,CAAC;SACrD;QACD,IAAI,QAAQ,CAAC,OAAO,CAAC,KAAK,KAAK,SAAS,EAAE;YACzC,IAAI,CAAC,WAAW,CAAC,QAAQ,CAAC,OAAO,CAAC,KAAK,CAAC,CAAC;SACzC;QACD,OAAO,IAAI,CAAC,MAAM,CAAC;IACpB,CAAC;IAEO,WAAW,CAAC,MAAW,EAAE,OAAY;QAE5C,IAAI,MAAM,CAAC,IAAI,CAAC,MAAM,CAAC,CAAC,MAAM,KAAK,CAAC,EAAE;YACrC,IAAI,IAAI,CAAC,IAAI,CAAC,MAAM,GAAG,yBAAiB,EAAE;gBACzC,MAAM,IAAI,oCAAmB,CAAC,qBAAqB,CAAC,CAAC;aACrD;YACD,KAAK,MAAM,OAAO,IAAI,IAAI,CAAC,IAAI,EAAE;gBAChC,MAAM,YAAY,GAAQ,EAAE,CAAC;gBAC7B,KAAK,MAAM,MAAM,IAAI,OAAO,CAAC,OAAO,EAAE;oBACrC,YAAY,CAAC,MAAM,CAAC,GAAG,OAAO,CAAC,MAAM,CAAC,CAAC;iBACvC;gBACD,IAAI,CAAC,MAAM,CAAC,IAAI,CAAC,YAAY,CAAC,CAAC;aAC/B;YACD,OAAO;SACP;QAED,KAAK,MAAM,OAAO,IAAI,IAAI,CAAC,IAAI,EAAE;YAChC,IAAI,IAAI,CAAC,UAAU,CAAC,MAAM,EAAE,OAAO,CAAC,EAAE;gBACrC,IAAI,YAAY,GAAQ,EAAE,CAAC;gBAC3B,IAAI,IAAI,CAAC,KAAK,EAAE,eAAe,KAAK,SAAS,EAAE;oBAC9C,KAAK,MAAM,MAAM,IAAI,OAAO,CAAC,OAAO,EAAE;wBACrC,YAAY,CAAC,MAAM,CAAC,GAAG,OAAO,CAAC,MAAM,CAAC,CAAC;qBACvC;iBACD;qBAAM;oBACN,YAAY,GAAG,OAAO,CAAC;iBACvB;gBACD,IAAI,CAAC,MAAM,CAAC,IAAI,CAAC,YAAY,CAAC,CAAC;aAC/B;SACD;IACF,CAAC;IAEO,UAAU,CAAC,MAAW,EAAE,OAAsB;QACrD,MAAM,GAAG,GAAG,MAAM,CAAC,IAAI,CAAC,MAAM,CAAC,CAAC,CAAC,CAAC,CAAC;QAEnC,IAAI,GAAG,KAAK,IAAI,EAAE;YACjB,OAAO,IAAI,CAAC,QAAQ,CAAC,MAAM,EAAE,OAAO,CAAC,CAAC;SACtC;QACD,IAAI,GAAG,KAAK,IAAI,EAAE;YACjB,OAAO,IAAI,CAAC,QAAQ,CAAC,MAAM,EAAE,OAAO,CAAC,CAAC;SACtC;QACD,IAAI,GAAG,KAAK,IAAI,EAAE;YACjB,OAAO,IAAI,CAAC,QAAQ,CAAC,MAAM,EAAE,OAAO,CAAC,CAAC;SACtC;QACD,IAAI,GAAG,KAAK,IAAI,EAAE;YACjB,OAAO,IAAI,CAAC,QAAQ,CAAC,MAAM,EAAE,OAAO,CAAC,CAAC;SACtC;QACD,IAAI,GAAG,KAAK,KAAK,EAAE;YAClB,OAAO,IAAI,CAAC,SAAS,CAAC,MAAM,EAAE,OAAO,CAAC,CAAC;SACvC;QACD,IAAI,GAAG,KAAK,IAAI,EAAE;YACjB,OAAO,IAAI,CAAC,QAAQ,CAAC,MAAM,EAAE,OAAO,CAAC,CAAC;SACtC;QACD,IAAI,GAAG,KAAK,KAAK,EAAE;YAClB,OAAO,CAAC,IAAI,CAAC,UAAU,CAAC,MAAM,CAAC,GAAG,EAAE,OAAO,CAAC,CAAC;SAC7C;QACD,OAAO,KAAK,CAAC;IACd,CAAC;IAEO,QAAQ,CAAC,MAAW,EAAE,OAAsB;QACnD,MAAM,UAAU,GAAG,MAAM,CAAC,EAAE,CAAC;QAC7B,OAAO,UAAU,CAAC,IAAI,CAAC,CAAC,IAAS,EAAE,EAAE,CAAC,IAAI,CAAC,UAAU,CAAC,IAAI,EAAE,OAAO,CAAC,CAAC,CAAC;IACvE,CAAC;IAEO,SAAS,CAAC,MAAW,EAAE,OAAsB;QACpD,MAAM,UAAU,GAAG,MAAM,CAAC,GAAG,CAAC;QAC9B,OAAO,UAAU,CAAC,KAAK,CAAC,CAAC,IAAS,EAAE,EAAE,CAAC,IAAI,CAAC,UAAU,CAAC,IAAI,EAAE,OAAO,CAAC,CAAC,CAAC;IACxE,CAAC;IAEO,QAAQ,CAAC,MAAW,EAAE,OAAsB;QACnD,MAAM,SAAS,GAAG,MAAM,CAAC,EAAE,CAAC;QAC5B,MAAM,GAAG,GAAG,MAAM,CAAC,IAAI,CAAC,SAAS,CAAC,CAAC,CAAC,CAAC,CAAC;QACtC,MAAM,OAAO,GAAW,SAAS,CAAC,GAAG,CAAC,CAAC;QAGvC,IAAI,OAAO,CAAC,UAAU,CAAC,GAAG,CAAC,IAAI,OAAO,CAAC,QAAQ,CAAC,GAAG,CAAC,EAAE;YACrD,OAAQ,OAAO,CAAC,GAAG,CAAY,CAAC,QAAQ,CAAC,OAAO,CAAC,KAAK,CAAC,CAAC,EAAE,CAAC,CAAC,CAAC,CAAC,CAAC;SAC/D;QAED,IAAI,OAAO,CAAC,QAAQ,CAAC,GAAG,CAAC,EAAE;YAC1B,OAAQ,OAAO,CAAC,GAAG,CAAY,CAAC,UAAU,CAAC,OAAO,CAAC,KAAK,CAAC,CAAC,EAAE,CAAC,CAAC,CAAC,CAAC,CAAC;SACjE;QAED,IAAI,OAAO,CAAC,UAAU,CAAC,GAAG,CAAC,EAAE;YAC5B,OAAQ,OAAO,CAAC,GAAG,CAAY,CAAC,QAAQ,CAAC,OAAO,CAAC,SAAS,CAAC,CAAC,CAAC,CAAC,CAAC;SAC/D;QACD,OAAQ,OAAO,CAAC,GAAG,CAAY,KAAK,OAAO,CAAC;IAC7C,CAAC;IAEO,QAAQ,CAAC,MAAW,EAAE,OAAsB;QACnD,MAAM,SAAS,GAAG,MAAM,CAAC,EAAE,CAAC;QAC5B,MAAM,GAAG,GAAG,MAAM,CAAC,IAAI,CAAC,SAAS,CAAC,CAAC,CAAC,CAAC,CAAC;QACtC,MAAM,KAAK,GAAG,SAAS,CAAC,GAAG,CAAC,CAAC;QAE7B,OAAO,OAAO,CAAC,GAAG,CAAC,GAAG,KAAK,CAAC;IAC7B,CAAC;IAEO,QAAQ,CAAC,MAAW,EAAE,OAAsB;QACnD,MAAM,SAAS,GAAG,MAAM,CAAC,EAAE,CAAC;QAC5B,MAAM,GAAG,GAAG,MAAM,CAAC,IAAI,CAAC,SAAS,CAAC,CAAC,CAAC,CAAC,CAAC;QACtC,MAAM,KAAK,GAAG,SAAS,CAAC,GAAG,CAAC,CAAC;QAE7B,OAAO,OAAO,CAAC,GAAG,CAAC,GAAG,KAAK,CAAC;IAC7B,CAAC;IAEO,QAAQ,CAAC,MAAW,EAAE,OAAsB;QACnD,MAAM,SAAS,GAAG,MAAM,CAAC,EAAE,CAAC;QAC5B,MAAM,GAAG,GAAG,MAAM,CAAC,IAAI,CAAC,SAAS,CAAC,CAAC,CAAC,CAAC,CAAC;QACtC,MAAM,KAAK,GAAG,SAAS,CAAC,GAAG,CAAC,CAAC;QAE7B,OAAO,OAAO,CAAC,GAAG,CAAC,KAAK,KAAK,CAAC;IAC/B,CAAC;IAEO,KAAK,CAAC,mBAAmB;QAChC,MAAM,QAAQ,GAAoB,EAAE,CAAC;QAErC,IAAI,CAAC,CAAC,MAAM,kBAAE,CAAC,UAAU,CAAC,UAAU,IAAI,CAAC,EAAE,OAAO,CAAC,CAAC,EAAE;YACrD,MAAM,IAAI,6BAAY,CAAC,mBAAmB,CAAC,CAAC;SAC5C;QACD,MAAM,OAAO,GAAG,MAAM,kBAAE,CAAC,QAAQ,CAAC,UAAU,IAAI,CAAC,EAAE,OAAO,CAAC,CAAC;QAE5D,IAAI,OAAO,CAAC,MAAM,KAAK,CAAC,EAAE;YACzB,MAAM,IAAI,6BAAY,CAAC,mBAAmB,CAAC,CAAC;SAC5C;QAED,KAAK,MAAM,OAAO,IAAI,OAAO,CAAC,OAAO,EAAE;YACtC,QAAQ,CAAC,IAAI,CAAC,OAAO,CAAC,CAAC;SACvB;QACD,OAAO,QAAQ,CAAC;IACjB,CAAC;IAEO,IAAI,CAAC,KAAa;QACzB,IAAI,CAAC,MAAM,CAAC,IAAI,CAAC,CAAC,CAAM,EAAE,CAAM,EAAU,EAAE;YAC3C,IAAI,CAAC,CAAC,KAAK,CAAC,GAAG,CAAC,CAAC,KAAK,CAAC,EAAE;gBACxB,OAAO,CAAC,CAAC,CAAC;aACV;YACD,IAAI,CAAC,CAAC,KAAK,CAAC,GAAG,CAAC,CAAC,KAAK,CAAC,EAAE;gBACxB,OAAO,CAAC,CAAC;aACT;YACD,OAAO,CAAC,CAAC;QACV,CAAC,CAAC,CAAC;IACJ,CAAC;IAEO,WAAW,CAAC,KAAU;QAC7B,IAAI,OAAO,KAAK,KAAK,QAAQ,EAAE;YAC9B,IAAI,CAAC,IAAI,CAAC,KAAK,CAAC,CAAC;SACjB;aAAM;YACN,IAAI,CAAC,UAAU,CAAC,KAAK,CAAC,GAAG,EAAE,KAAK,CAAC,IAAI,CAAC,CAAC;SACvC;IACF,CAAC;IAEO,qBAAqB,CAAC,eAAoB;QACjD,IAAI,CAAC,YAAY,CAAC,eAAe,CAAC,KAAK,CAAC,CAAC;QACzC,IAAI,CAAC,WAAW,CAAC,eAAe,CAAC,KAAK,CAAC,CAAC;IACzC,CAAC;IAEO,YAAY,CAAC,SAAc;QAClC,KAAK,MAAM,GAAG,IAAI,IAAI,CAAC,MAAM,EAAE;YAC9B,MAAM,OAAO,GAAG,IAAI,CAAC,SAAS,CAAC,GAAG,EAAE,SAAS,CAAC,CAAC;YAC/C,IAAI,YAAY,GAAG,IAAI,CAAC,MAAM,CAAC,GAAG,CAAC,OAAO,CAAC,CAAC;YAC5C,IAAI,YAAY,KAAK,SAAS,EAAE;gBAC/B,YAAY,GAAG,CAAC,GAAG,CAAC,CAAC;gBACrB,IAAI,CAAC,MAAM,CAAC,GAAG,CAAC,OAAO,EAAE,YAAY,CAAC,CAAC;aACvC;iBAAM;gBACN,YAAY,CAAC,IAAI,CAAC,GAAG,CAAC,CAAC;gBACvB,IAAI,CAAC,MAAM,CAAC,GAAG,CAAC,OAAO,EAAE,YAAY,CAAC,CAAC;aACvC;SACD;IACF,CAAC;IAEO,WAAW,CAAC,aAAoB;QACvC,MAAM,SAAS,GAAG,CAAC,CAAC;QACpB,MAAM,OAAO,GAAG,EAAE,CAAC;QACnB,KAAK,MAAM,CAAC,GAAG,EAAE,YAAY,CAAC,IAAI,IAAI,CAAC,MAAM,EAAE;YAC9C,MAAM,KAAK,GAAG,IAAI,CAAC,KAAK,CAAC,GAAG,CAAC,CAAC;YAC9B,KAAK,MAAM,QAAQ,IAAI,aAAa,EAAE;gBACrC,MAAM,QAAQ,GAAW,MAAM,CAAC,IAAI,CAAC,QAAQ,CAAC,CAAC,CAAC,CAAC,CAAC;gBAClD,MAAM,QAAQ,GAAG,QAAQ,CAAC,QAAQ,CAAC,CAAC;gBACpC,MAAM,SAAS,GAAG,MAAM,CAAC,IAAI,CAAC,QAAQ,CAAC,CAAC,CAAC,CAAC,CAAC;gBAC3C,MAAM,aAAa,GAAG,QAAQ,CAAC,SAAS,CAAC,CAAC;gBAC1C,IAAI,SAAS,KAAK,KAAK,EAAE;oBACxB,MAAM,GAAG,GAAG,IAAI,CAAC,YAAY,CAAC,YAAY,EAAE,aAAa,CAAC,CAAC;oBAC3D,KAAK,CAAC,QAAQ,CAAC,GAAG,MAAM,CAAC,GAAG,CAAC,OAAO,CAAC,SAAS,CAAC,CAAC,CAAC;iBACjD;gBACD,IAAI,SAAS,KAAK,KAAK,EAAE;oBACxB,KAAK,CAAC,QAAQ,CAAC,GAAG,IAAI,CAAC,YAAY,CAAC,YAAY,EAAE,aAAa,CAAC,CAAC;iBACjE;gBACD,IAAI,SAAS,KAAK,KAAK,EAAE;oBACxB,KAAK,CAAC,QAAQ,CAAC,GAAG,IAAI,CAAC,YAAY,CAAC,YAAY,EAAE,aAAa,CAAC,CAAC;iBACjE;gBACD,IAAI,SAAS,KAAK,KAAK,EAAE;oBACxB,MAAM,GAAG,GAAG,IAAI,CAAC,YAAY,CAAC,YAAY,EAAE,aAAa,CAAC,CAAC;oBAC3D,KAAK,CAAC,QAAQ,CAAC,GAAG,MAAM,CAAC,GAAG,CAAC,OAAO,CAAC,SAAS,CAAC,CAAC,CAAC;iBACjD;gBACD,IAAI,SAAS,KAAK,OAAO,EAAE;oBAC1B,KAAK,CAAC,QAAQ,CAAC,GAAG,IAAI,CAAC,cAAc,CAAC,YAAY,EAAE,aAAa,CAAC,CAAC;iBACnE;aACD;YAED,OAAO,CAAC,IAAI,CAAC,KAAK,CAAC,CAAC;SACpB;QACD,IAAI,CAAC,MAAM,GAAG,OAAO,CAAC;IACvB,CAAC;IAEO,YAAY,CAAC,KAAsB,EAAE,QAAgB;QAC5D,IAAI,KAAK,GAAG,IAAI,oBAAO,CAAC,CAAC,CAAC,CAAC;QAC3B,KAAK,MAAM,MAAM,IAAI,KAAK,EAAE;YAC3B,KAAK,GAAG,oBAAO,CAAC,GAAG,CAAC,KAAK,EAAE,IAAI,oBAAO,CAAC,MAAM,CAAC,QAAQ,CAAC,CAAC,CAAC,CAAC;SAC1D;QACD,OAAO,KAAK,CAAC,QAAQ,EAAE,GAAG,KAAK,CAAC,MAAM,CAAC;IACxC,CAAC;IAEO,YAAY,CAAC,YAA6B,EAAE,aAAkB;QACrE,IAAI,GAAG,GAAG,YAAY,CAAC,CAAC,CAAC,CAAC,aAAa,CAAC,CAAC;QACzC,KAAK,MAAM,OAAO,IAAI,YAAY,EAAE;YACnC,IAAI,OAAO,CAAC,aAAa,CAAC,GAAG,GAAG,EAAE;gBACjC,GAAG,GAAG,OAAO,CAAC,aAAa,CAAC,CAAC;aAC7B;SACD;QACD,OAAO,GAAa,CAAC;IACtB,CAAC;IAEO,YAAY,CAAC,YAA6B,EAAE,aAAkB;QACrE,IAAI,GAAG,GAAG,YAAY,CAAC,CAAC,CAAC,CAAC,aAAa,CAAC,CAAC;QACzC,KAAK,MAAM,OAAO,IAAI,YAAY,EAAE;YACnC,IAAI,OAAO,CAAC,aAAa,CAAC,GAAG,GAAG,EAAE;gBACjC,GAAG,GAAG,OAAO,CAAC,aAAa,CAAC,CAAC;aAC7B;SACD;QACD,OAAO,GAAa,CAAC;IACtB,CAAC;IAEO,YAAY,CAAC,YAA6B,EAAE,aAAkB;QACrE,IAAI,KAAK,GAAG,IAAI,oBAAO,CAAC,CAAC,CAAC,CAAC;QAC3B,KAAK,MAAM,MAAM,IAAI,YAAY,EAAE;YAClC,KAAK,GAAG,oBAAO,CAAC,GAAG,CAAC,KAAK,EAAE,IAAI,oBAAO,CAAC,MAAM,CAAC,aAAa,CAAC,CAAC,CAAC,CAAC;SAC/D;QACD,OAAO,KAAK,CAAC,QAAQ,EAAE,CAAC;IACzB,CAAC;IAEO,cAAc,CAAC,YAA6B,EAAE,aAAkB;QACvE,OAAO,CAAC,GAAG,IAAI,GAAG,CAAC,YAAY,CAAC,GAAG,CAAC,CAAC,MAAM,EAAE,EAAE,CAAC,MAAM,CAAC,aAAa,CAAC,CAAC,CAAC,CAAC,CAAC,MAAM,CAAC;IACjF,CAAC;IAGO,SAAS,CAAC,GAAW,EAAE,IAAc;QAC5C,OAAO,IAAI,CAAC,SAAS,CAAC,MAAM,CAAC,WAAW,CAAC,MAAM,CAAC,OAAO,CAAC,GAAG,CAAC,CAAC,MAAM,CAAC,CAAC,CAAC,CAAC,CAAC,EAAE,EAAE,CAAC,IAAI,CAAC,QAAQ,CAAC,CAAC,CAAC,CAAC,CAAC,CAAC,CAAC;IAClG,CAAC;IAEO,UAAU,CAAC,GAAW,EAAE,IAAc;QAC7C,IAAI,GAAG,KAAK,IAAI,EAAE;YACjB,IAAI,CAAC,MAAM,CAAC,IAAI,CAAC,CAAC,CAAM,EAAE,CAAM,EAAU,EAAE;gBAC3C,KAAK,MAAM,GAAG,IAAI,IAAI,EAAE;oBACvB,IAAI,CAAC,CAAC,GAAG,CAAC,KAAK,CAAC,CAAC,GAAG,CAAC,EAAE;wBACtB,SAAS;qBACT;oBACD,IAAI,CAAC,CAAC,GAAG,CAAC,GAAG,CAAC,CAAC,GAAG,CAAC,EAAE;wBACpB,OAAO,CAAC,CAAC,CAAC;qBACV;oBACD,IAAI,CAAC,CAAC,GAAG,CAAC,GAAG,CAAC,CAAC,GAAG,CAAC,EAAE;wBACpB,OAAO,CAAC,CAAC;qBACT;iBACD;gBACD,OAAO,CAAC,CAAC;YACV,CAAC,CAAC,CAAC;SACH;QACD,IAAI,GAAG,KAAK,MAAM,EAAE;YACnB,IAAI,CAAC,MAAM,CAAC,IAAI,CAAC,CAAC,CAAM,EAAE,CAAM,EAAU,EAAE;gBAC3C,KAAK,MAAM,GAAG,IAAI,IAAI,EAAE;oBACvB,IAAI,CAAC,CAAC,GAAG,CAAC,KAAK,CAAC,CAAC,GAAG,CAAC,EAAE;wBACtB,SAAS;qBACT;oBACD,IAAI,CAAC,CAAC,GAAG,CAAC,GAAG,CAAC,CAAC,GAAG,CAAC,EAAE;wBACpB,OAAO,CAAC,CAAC;qBACT;oBACD,IAAI,CAAC,CAAC,GAAG,CAAC,GAAG,CAAC,CAAC,GAAG,CAAC,EAAE;wBACpB,OAAO,CAAC,CAAC,CAAC;qBACV;iBACD;gBACD,OAAO,CAAC,CAAC;YACV,CAAC,CAAC,CAAC;SACH;IACF,CAAC;CACD;AAvUD,oCAuUC","sourcesContent":["import { InsightError, InsightResult, ResultTooLargeError } from \"./IInsightFacade\";\nimport Log from \"@ubccpsc310/folder-test/build/Log\";\nimport fs from \"fs-extra\";\nimport Decimal from \"decimal.js\";\n\nexport const MAX_RESULT_LENGTH = 5000;\n\ninterface Query {\n\tWHERE: object;\n\tOPTIONS: any;\n\tTRANSFORMATIONS: any;\n}\n\ninterface Options {\n\tCOLUMNS: string[];\n\tORDER: string;\n}\n\nexport class PerformQuery {\n\tprivate id: string;\n\tprivate data: InsightResult[];\n\tprivate result: InsightResult[];\n\tprivate groups: Map<string, InsightResult[]>;\n\tprivate query: Query | undefined;\n\n\tconstructor() {\n\t\tthis.id = \"\";\n\t\tthis.data = [];\n\t\tthis.result = [];\n\t\tthis.groups = new Map();\n\t}\n\n\tpublic async handleQuery(query: unknown): Promise<InsightResult[]> {\n\t\tif (typeof query !== \"object\" || Array.isArray(query) || query === null) {\n\t\t\tthrow new InsightError(\"Query is not an object\");\n\t\t}\n\n\t\tconst queryObj: Query = query as Query;\n\t\tthis.query = queryObj;\n\n\t\tif (queryObj.WHERE === undefined || queryObj.OPTIONS === undefined) {\n\t\t\tLog.trace(\"Query doesn't have WHERE and OPTIONS\");\n\t\t\tthrow new InsightError(\"Query doesn't have WHERE and OPTIONS\");\n\t\t}\n\n\t\tconst { COLUMNS } = queryObj.OPTIONS as Options;\n\n\t\tthis.id = COLUMNS[0].split(\"_\")[0];\n\t\tthis.data = await this.getSectionsFromDisk();\n\t\tthis.handleWhere(queryObj.WHERE, queryObj.OPTIONS);\n\n\t\tif (this.result.length > MAX_RESULT_LENGTH) {\n\t\t\tthrow new ResultTooLargeError(\"Result is too large\");\n\t\t}\n\t\tif (queryObj.TRANSFORMATIONS !== undefined) {\n\t\t\tthis.handleTransformations(queryObj.TRANSFORMATIONS);\n\t\t}\n\t\tif (queryObj.OPTIONS.ORDER !== undefined) {\n\t\t\tthis.handleOrder(queryObj.OPTIONS.ORDER);\n\t\t}\n\t\treturn this.result;\n\t}\n\n\tprivate handleWhere(filter: any, options: any): void {\n\t\t// If there is no filter, return the data as is\n\t\tif (Object.keys(filter).length === 0) {\n\t\t\tif (this.data.length > MAX_RESULT_LENGTH) {\n\t\t\t\tthrow new ResultTooLargeError(\"Result is too large\");\n\t\t\t}\n\t\t\tfor (const section of this.data) {\n\t\t\t\tconst validSection: any = {};\n\t\t\t\tfor (const column of options.COLUMNS) {\n\t\t\t\t\tvalidSection[column] = section[column];\n\t\t\t\t}\n\t\t\t\tthis.result.push(validSection);\n\t\t\t}\n\t\t\treturn;\n\t\t}\n\t\t// Otherwise, go through each row and check if it fits the criteria\n\t\tfor (const section of this.data) {\n\t\t\tif (this.filterData(filter, section)) {\n\t\t\t\tlet validSection: any = {};\n\t\t\t\tif (this.query?.TRANSFORMATIONS === undefined) {\n\t\t\t\t\tfor (const column of options.COLUMNS) {\n\t\t\t\t\t\tvalidSection[column] = section[column];\n\t\t\t\t\t}\n\t\t\t\t} else {\n\t\t\t\t\tvalidSection = section;\n\t\t\t\t}\n\t\t\t\tthis.result.push(validSection);\n\t\t\t}\n\t\t}\n\t}\n\n\tprivate filterData(filter: any, section: InsightResult): boolean {\n\t\tconst key = Object.keys(filter)[0];\n\n\t\tif (key === \"GT\") {\n\t\t\treturn this.handleGT(filter, section);\n\t\t}\n\t\tif (key === \"LT\") {\n\t\t\treturn this.handleLT(filter, section);\n\t\t}\n\t\tif (key === \"EQ\") {\n\t\t\treturn this.handleEQ(filter, section);\n\t\t}\n\t\tif (key === \"IS\") {\n\t\t\treturn this.handleIS(filter, section);\n\t\t}\n\t\tif (key === \"AND\") {\n\t\t\treturn this.handleAND(filter, section);\n\t\t}\n\t\tif (key === \"OR\") {\n\t\t\treturn this.handleOR(filter, section);\n\t\t}\n\t\tif (key === \"NOT\") {\n\t\t\treturn !this.filterData(filter.NOT, section);\n\t\t}\n\t\treturn false;\n\t}\n\n\tprivate handleOR(filter: any, section: InsightResult): boolean {\n\t\tconst conditions = filter.OR;\n\t\treturn conditions.some((cond: any) => this.filterData(cond, section));\n\t}\n\n\tprivate handleAND(filter: any, section: InsightResult): boolean {\n\t\tconst conditions = filter.AND;\n\t\treturn conditions.every((cond: any) => this.filterData(cond, section));\n\t}\n\n\tprivate handleIS(filter: any, section: InsightResult): boolean {\n\t\tconst condition = filter.IS;\n\t\tconst key = Object.keys(condition)[0];\n\t\tconst pattern: string = condition[key];\n\n\t\t// Check if the column contains the pattern\n\t\tif (pattern.startsWith(\"*\") && pattern.endsWith(\"*\")) {\n\t\t\treturn (section[key] as string).includes(pattern.slice(1, -1));\n\t\t}\n\t\t// Check if the column starts with the pattern\n\t\tif (pattern.endsWith(\"*\")) {\n\t\t\treturn (section[key] as string).startsWith(pattern.slice(0, -1));\n\t\t}\n\t\t// Check if the column ends with the pattern\n\t\tif (pattern.startsWith(\"*\")) {\n\t\t\treturn (section[key] as string).endsWith(pattern.substring(1));\n\t\t}\n\t\treturn (section[key] as string) === pattern;\n\t}\n\n\tprivate handleGT(filter: any, section: InsightResult): boolean {\n\t\tconst condition = filter.GT;\n\t\tconst key = Object.keys(condition)[0];\n\t\tconst value = condition[key];\n\n\t\treturn section[key] > value;\n\t}\n\n\tprivate handleLT(filter: any, section: InsightResult): boolean {\n\t\tconst condition = filter.LT;\n\t\tconst key = Object.keys(condition)[0];\n\t\tconst value = condition[key];\n\n\t\treturn section[key] < value;\n\t}\n\n\tprivate handleEQ(filter: any, section: InsightResult): boolean {\n\t\tconst condition = filter.EQ;\n\t\tconst key = Object.keys(condition)[0];\n\t\tconst value = condition[key];\n\n\t\treturn section[key] === value;\n\t}\n\n\tprivate async getSectionsFromDisk(): Promise<InsightResult[]> {\n\t\tconst sections: InsightResult[] = [];\n\n\t\tif (!(await fs.pathExists(`./data/${this.id}.json`))) {\n\t\t\tthrow new InsightError(\"Dataset not added\");\n\t\t}\n\t\tconst dataset = await fs.readJson(`./data/${this.id}.json`);\n\n\t\tif (dataset.length === 0) {\n\t\t\tthrow new InsightError(\"Dataset not added\");\n\t\t}\n\n\t\tfor (const section of dataset.content) {\n\t\t\tsections.push(section);\n\t\t}\n\t\treturn sections;\n\t}\n\n\tprivate sort(order: string): void {\n\t\tthis.result.sort((a: any, b: any): number => {\n\t\t\tif (a[order] < b[order]) {\n\t\t\t\treturn -1;\n\t\t\t}\n\t\t\tif (a[order] > b[order]) {\n\t\t\t\treturn 1;\n\t\t\t}\n\t\t\treturn 0;\n\t\t});\n\t}\n\n\tprivate handleOrder(order: any): void {\n\t\tif (typeof order === \"string\") {\n\t\t\tthis.sort(order);\n\t\t} else {\n\t\t\tthis.sortByKeys(order.dir, order.keys);\n\t\t}\n\t}\n\n\tprivate handleTransformations(TRANSFORMATIONS: any): void {\n\t\tthis.handleGroups(TRANSFORMATIONS.GROUP);\n\t\tthis.handleApply(TRANSFORMATIONS.APPLY);\n\t}\n\n\tprivate handleGroups(groupKeys: any): void {\n\t\tfor (const obj of this.result) {\n\t\t\tconst objKeys = this.pick_keys(obj, groupKeys);\n\t\t\tlet groupMembers = this.groups.get(objKeys);\n\t\t\tif (groupMembers === undefined) {\n\t\t\t\tgroupMembers = [obj];\n\t\t\t\tthis.groups.set(objKeys, groupMembers);\n\t\t\t} else {\n\t\t\t\tgroupMembers.push(obj);\n\t\t\t\tthis.groups.set(objKeys, groupMembers);\n\t\t\t}\n\t\t}\n\t}\n\n\tprivate handleApply(applyCriteria: any[]): void {\n\t\tconst PRECISION = 2;\n\t\tconst applied = [];\n\t\tfor (const [key, groupMembers] of this.groups) {\n\t\t\tconst group = JSON.parse(key);\n\t\t\tfor (const criteria of applyCriteria) {\n\t\t\t\tconst applyKey: string = Object.keys(criteria)[0];\n\t\t\t\tconst applyVal = criteria[applyKey];\n\t\t\t\tconst applyFunc = Object.keys(applyVal)[0];\n\t\t\t\tconst groupApplyKey = applyVal[applyFunc];\n\t\t\t\tif (applyFunc === \"AVG\") {\n\t\t\t\t\tconst avg = this.calculateAvg(groupMembers, groupApplyKey);\n\t\t\t\t\tgroup[applyKey] = Number(avg.toFixed(PRECISION));\n\t\t\t\t}\n\t\t\t\tif (applyFunc === \"MAX\") {\n\t\t\t\t\tgroup[applyKey] = this.calculateMax(groupMembers, groupApplyKey);\n\t\t\t\t}\n\t\t\t\tif (applyFunc === \"MIN\") {\n\t\t\t\t\tgroup[applyKey] = this.calculateMin(groupMembers, groupApplyKey);\n\t\t\t\t}\n\t\t\t\tif (applyFunc === \"SUM\") {\n\t\t\t\t\tconst sum = this.calculateSum(groupMembers, groupApplyKey);\n\t\t\t\t\tgroup[applyKey] = Number(sum.toFixed(PRECISION));\n\t\t\t\t}\n\t\t\t\tif (applyFunc === \"COUNT\") {\n\t\t\t\t\tgroup[applyKey] = this.calculateCount(groupMembers, groupApplyKey);\n\t\t\t\t}\n\t\t\t}\n\n\t\t\tapplied.push(group);\n\t\t}\n\t\tthis.result = applied;\n\t}\n\n\tprivate calculateAvg(group: InsightResult[], groupKey: number): number {\n\t\tlet total = new Decimal(0);\n\t\tfor (const member of group) {\n\t\t\ttotal = Decimal.add(total, new Decimal(member[groupKey]));\n\t\t}\n\t\treturn total.toNumber() / group.length;\n\t}\n\n\tprivate calculateMax(groupMembers: InsightResult[], groupApplyKey: any): number {\n\t\tlet max = groupMembers[0][groupApplyKey];\n\t\tfor (const members of groupMembers) {\n\t\t\tif (members[groupApplyKey] > max) {\n\t\t\t\tmax = members[groupApplyKey];\n\t\t\t}\n\t\t}\n\t\treturn max as number;\n\t}\n\n\tprivate calculateMin(groupMembers: InsightResult[], groupApplyKey: any): number {\n\t\tlet min = groupMembers[0][groupApplyKey];\n\t\tfor (const members of groupMembers) {\n\t\t\tif (members[groupApplyKey] < min) {\n\t\t\t\tmin = members[groupApplyKey];\n\t\t\t}\n\t\t}\n\t\treturn min as number;\n\t}\n\n\tprivate calculateSum(groupMembers: InsightResult[], groupApplyKey: any): number {\n\t\tlet total = new Decimal(0);\n\t\tfor (const member of groupMembers) {\n\t\t\ttotal = Decimal.add(total, new Decimal(member[groupApplyKey]));\n\t\t}\n\t\treturn total.toNumber();\n\t}\n\n\tprivate calculateCount(groupMembers: InsightResult[], groupApplyKey: any): number {\n\t\treturn [...new Set(groupMembers.map((member) => member[groupApplyKey]))].length;\n\t}\n\n\t// Given an object and a list of keys, it filters out those keys from the object and return a new object with those keys\n\tprivate pick_keys(obj: object, keys: string[]): string {\n\t\treturn JSON.stringify(Object.fromEntries(Object.entries(obj).filter(([k]) => keys.includes(k))));\n\t}\n\n\tprivate sortByKeys(dir: string, keys: string[]): void {\n\t\tif (dir === \"UP\") {\n\t\t\tthis.result.sort((a: any, b: any): number => {\n\t\t\t\tfor (const key of keys) {\n\t\t\t\t\tif (a[key] === b[key]) {\n\t\t\t\t\t\tcontinue;\n\t\t\t\t\t}\n\t\t\t\t\tif (a[key] < b[key]) {\n\t\t\t\t\t\treturn -1;\n\t\t\t\t\t}\n\t\t\t\t\tif (a[key] > b[key]) {\n\t\t\t\t\t\treturn 1;\n\t\t\t\t\t}\n\t\t\t\t}\n\t\t\t\treturn 0;\n\t\t\t});\n\t\t}\n\t\tif (dir === \"DOWN\") {\n\t
[...]
line":211,"column":4},"end":{"line":214,"column":5}},"type":"if","locations":[{"start":{"line":211,"column":4},"end":{"line":214,"column":5}},{"start":{"line":211,"column":4},"end":{"line":214,"column":5}}],"line":211},"53":{"loc":{"start":{"line":216,"column":4},"end":{"line":218,"column":5}},"type":"if","locations":[{"start":{"line":216,"column":4},"end":{"line":218,"column":5}},{"start":{"line":216,"column":4},"end":{"line":218,"column":5}}],"line":216},"54":{"loc":{"start":{"line":216,"column":8},"end":{"line":216,"column":50}},"type":"binary-expr","locations":[{"start":{"line":216,"column":8},"end":{"line":216,"column":27}},{"start":{"line":216,"column":31},"end":{"line":216,"column":50}}],"line":216},"55":{"loc":{"start":{"line":219,"column":4},"end":{"line":221,"column":5}},"type":"if","locations":[{"start":{"line":219,"column":4},"end":{"line":221,"column":5}},{"start":{"line":219,"column":4},"end":{"line":221,"column":5}}],"line":219},"56":{"loc":{"start":{"line":219,"column":8},"end":{"line":219,"column":62}},"type":"binary-expr","locations":[{"start":{"line":219,"column":8},"end":{"line":219,"column":33}},{"start":{"line":219,"column":37},"end":{"line":219,"column":62}}],"line":219},"57":{"loc":{"start":{"line":222,"column":4},"end":{"line":224,"column":5}},"type":"if","locations":[{"start":{"line":222,"column":4},"end":{"line":224,"column":5}},{"start":{"line":222,"column":4},"end":{"line":224,"column":5}}],"line":222},"58":{"loc":{"start":{"line":222,"column":8},"end":{"line":222,"column":62}},"type":"binary-expr","locations":[{"start":{"line":222,"column":8},"end":{"line":222,"column":33}},{"start":{"line":222,"column":37},"end":{"line":222,"column":62}}],"line":222},"59":{"loc":{"start":{"line":227,"column":4},"end":{"line":229,"column":5}},"type":"if","locations":[{"start":{"line":227,"column":4},"end":{"line":229,"column":5}},{"start":{"line":227,"column":4},"end":{"line":229,"column":5}}],"line":227}},"s":{"0":1,"1":1,"2":1,"3":1,"4":1,"5":1,"6":1,"7":5,"8":5,"9":5,"10":5,"11":0,"12":5,"13":0,"14":5,"15":2,"16":3,"17":13,"18":13,"19":13,"20":13,"21":0,"22":13,"23":0,"24":13,"25":3,"26":10,"27":5,"28":5,"29":5,"30":5,"31":0,"32":5,"33":0,"34":5,"35":2,"36":3,"37":5,"38":5,"39":5,"40":5,"41":0,"42":5,"43":0,"44":5,"45":2,"46":3,"47":9,"48":9,"49":9,"50":9,"51":0,"52":9,"53":0,"54":9,"55":1,"56":8,"57":40,"58":2,"59":38,"60":38,"61":1,"62":37,"63":40,"64":37,"65":37,"66":9,"67":0,"68":9,"69":28,"70":5,"71":0,"72":5,"73":23,"74":5,"75":0,"76":5,"77":18,"78":13,"79":0,"80":13,"81":5,"82":0,"83":5,"84":27,"85":40,"86":40,"87":0,"88":40,"89":0,"90":40,"91":27,"92":43,"93":0,"94":43,"95":43,"96":2,"97":41,"98":1,"99":40,"100":27,"101":30,"102":30,"103":30,"104":30,"105":43,"106":27,"107":1,"108":26,"109":26,"110":55,"111":13,"112":31,"113":31,"114":31,"115":0,"116":31,"117":64,"118":0,"119":64,"120":64,"121":1,"122":63,"123":0,"124":63,"125":281,"126":30,"127":47,"128":2,"129":2,"130":45,"131":0,"132":0,"133":45,"134":1,"135":34,"136":34,"137":2,"138":2,"139":32,"140":32,"141":1,"142":31,"143":0,"144":31,"145":0,"146":31,"147":30,"148":13,"149":4,"150":9,"151":1},"f":{"0":1,"1":5,"2":13,"3":5,"4":5,"5":9,"6":40,"7":40,"8":40,"9":43,"10":30,"11":43,"12":55,"13":31,"14":64,"15":281,"16":47,"17":34},"b":{"0":[1,1,1],"1":[1,0],"2":[1,1],"3":[5,0],"4":[0,5],"5":[0,5],"6":[2,3],"7":[13,0],"8":[0,13],"9":[0,13],"10":[3,10],"11":[5,0],"12":[0,5],"13":[0,5],"14":[2,3],"15":[5,0],"16":[0,5],"17":[0,5],"18":[2,3],"19":[9,0],"20":[0,9],"21":[0,9],"22":[1,8],"23":[9,8],"24":[2,38],"25":[1,37],"26":[38,33,28,15,6],"27":[9,28],"28":[0,9],"29":[5,23],"30":[0,5],"31":[5,18],"32":[0,5],"33":[13,5],"34":[0,13],"35":[0,5],"36":[0,40],"37":[0,40],"38":[40,40],"39":[0,43],"40":[43,43],"41":[2,41],"42":[1,40],"43":[1,26],"44":[0,31],"45":[0,64],"46":[1,63],"47":[0,63],"48":[63,58],"49":[2,45],"50":[0,45],"51":[45,45],"52":[2,32],"53":[1,31],"54":[32,32],"55":[0,31],"56":[31,31],"57":[0,31],"58":[31,31],"59":[4,9]},"inputSourceMap":{"version":3,"file":"/Users/bchoo/Desktop/project_team143/src/controller/transformationsValidatorHelper.ts","sources":["/Users/bchoo/Desktop/project_team143/src/controller/transformationsValidatorHelper.ts"],"names":[],"mappings":";;;;;;AAAA,qDAAoE;AACpE,qEAA0E;AAC1E,4EAAoD;AAEpD,SAAS,SAAS,CAAC,GAAW,EAAE,SAAiB,EAAE,IAAwB;IAC1E,MAAM,GAAG,GAAG,CAAC,CAAC;IACd,IAAI,GAAG,EAAE;QACR,MAAM,KAAK,GAAG,GAAG,CAAC,KAAK,CAAC,GAAG,CAAC,CAAC;QAC7B,IAAI,KAAK,CAAC,MAAM,KAAK,GAAG,EAAE;YACzB,MAAM,IAAI,6BAAY,CAAC,kBAAkB,CAAC,CAAC;SAC3C;QACD,IAAI,KAAK,CAAC,CAAC,CAAC,KAAK,SAAS,EAAE;YAC3B,MAAM,IAAI,6BAAY,CAAC,kBAAkB,CAAC,CAAC;SAC3C;QACD,IAAI,CAAC,IAAA,uCAAc,EAAC,KAAK,CAAC,CAAC,CAAC,EAAE,IAAI,CAAC,EAAE;YACpC,MAAM,IAAI,6BAAY,CAAC,wBAAwB,CAAC,CAAC;SACjD;KACD;IAED,OAAO,IAAI,CAAC;AACb,CAAC;AAED,SAAS,SAAS,CAAC,GAAW,EAAE,SAAiB,EAAE,IAAwB;IAC1E,MAAM,GAAG,GAAG,CAAC,CAAC;IACd,IAAI,GAAG,EAAE;QACR,MAAM,KAAK,GAAG,GAAG,CAAC,KAAK,CAAC,GAAG,CAAC,CAAC;QAC7B,IAAI,KAAK,CAAC,MAAM,KAAK,GAAG,EAAE;YACzB,MAAM,IAAI,6BAAY,CAAC,kBAAkB,CAAC,CAAC;SAC3C;QACD,IAAI,KAAK,CAAC,CAAC,CAAC,KAAK,SAAS,EAAE;YAC3B,MAAM,IAAI,6BAAY,CAAC,kBAAkB,CAAC,CAAC;SAC3C;QACD,IAAI,CAAC,IAAA,uCAAc,EAAC,KAAK,CAAC,CAAC,CAAC,EAAE,IAAI,CAAC,EAAE;YACpC,MAAM,IAAI,6BAAY,CAAC,wBAAwB,CAAC,CAAC;SACjD;KACD;IAED,OAAO,IAAI,CAAC;AACb,CAAC;AAED,SAAS,SAAS,CAAC,GAAW,EAAE,SAAiB,EAAE,IAAwB;IAC1E,MAAM,GAAG,GAAG,CAAC,CAAC;IACd,IAAI,GAAG,EAAE;QACR,MAAM,KAAK,GAAG,GAAG,CAAC,KAAK,CAAC,GAAG,CAAC,CAAC;QAC7B,IAAI,KAAK,CAAC,MAAM,KAAK,GAAG,EAAE;YACzB,MAAM,IAAI,6BAAY,CAAC,kBAAkB,CAAC,CAAC;SAC3C;QACD,IAAI,KAAK,CAAC,CAAC,CAAC,KAAK,SAAS,EAAE;YAC3B,MAAM,IAAI,6BAAY,CAAC,kBAAkB,CAAC,CAAC;SAC3C;QACD,IAAI,CAAC,IAAA,uCAAc,EAAC,KAAK,CAAC,CAAC,CAAC,EAAE,IAAI,CAAC,EAAE;YACpC,MAAM,IAAI,6BAAY,CAAC,wBAAwB,CAAC,CAAC;SACjD;KACD;IAED,OAAO,IAAI,CAAC;AACb,CAAC;AAED,SAAS,SAAS,CAAC,GAAW,EAAE,SAAiB,EAAE,IAAwB;IAC1E,MAAM,GAAG,GAAG,CAAC,CAAC;IACd,IAAI,GAAG,EAAE;QACR,MAAM,KAAK,GAAG,GAAG,CAAC,KAAK,CAAC,GAAG,CAAC,CAAC;QAC7B,IAAI,KAAK,CAAC,MAAM,KAAK,GAAG,EAAE;YACzB,MAAM,IAAI,6BAAY,CAAC,kBAAkB,CAAC,CAAC;SAC3C;QACD,IAAI,KAAK,CAAC,CAAC,CAAC,KAAK,SAAS,EAAE;YAC3B,MAAM,IAAI,6BAAY,CAAC,kBAAkB,CAAC,CAAC;SAC3C;QACD,IAAI,CAAC,IAAA,uCAAc,EAAC,KAAK,CAAC,CAAC,CAAC,EAAE,IAAI,CAAC,EAAE;YACpC,MAAM,IAAI,6BAAY,CAAC,wBAAwB,CAAC,CAAC;SACjD;KACD;IAED,OAAO,IAAI,CAAC;AACb,CAAC;AAED,SAAS,WAAW,CAAC,KAAa,EAAE,SAAiB,EAAE,IAAwB;IAC9E,MAAM,GAAG,GAAG,CAAC,CAAC;IACd,IAAI,KAAK,EAAE;QACV,MAAM,KAAK,GAAG,KAAK,CAAC,KAAK,CAAC,GAAG,CAAC,CAAC;QAC/B,IAAI,KAAK,CAAC,MAAM,KAAK,GAAG,EAAE;YACzB,MAAM,IAAI,6BAAY,CAAC,kBAAkB,CAAC,CAAC;SAC3C;QACD,IAAI,KAAK,CAAC,CAAC,CAAC,KAAK,SAAS,EAAE;YAC3B,MAAM,IAAI,6BAAY,CAAC,kBAAkB,CAAC,CAAC;SAC3C;QACD,IAAI,CAAC,IAAA,uCAAc,EAAC,KAAK,CAAC,CAAC,CAAC,EAAE,IAAI,CAAC,IAAI,CAAC,IAAA,uCAAc,EAAC,KAAK,CAAC,CAAC,CAAC,EAAE,IAAI,CAAC,EAAE;YACvE,MAAM,IAAI,6BAAY,CAAC,6BAA6B,CAAC,CAAC;SACtD;KACD;IAED,OAAO,IAAI,CAAC;AACb,CAAC;AAED,SAAS,gBAAgB,CAAC,UAAe;IACxC,IAAI,MAAM,CAAC,IAAI,CAAC,UAAU,CAAC,CAAC,MAAM,KAAK,CAAC,EAAE;QACzC,MAAM,IAAI,6BAAY,CAAC,0BAA0B,CAAC,CAAC;KACnD;IACD,MAAM,EAAE,GAAG,EAAE,GAAG,EAAE,GAAG,EAAE,KAAK,EAAE,GAAG,EAAE,GAAG,UAAU,CAAC;IACjD,IAAI,CAAC,GAAG,IAAI,CAAC,GAAG,IAAI,CAAC,GAAG,IAAI,CAAC,KAAK,IAAI,CAAC,GAAG,EAAE;QAC3C,MAAM,IAAI,6BAAY,CAAC,6BAA6B,CAAC,CAAC;KACtD;IACD,OAAO,IAAI,CAAC;AACb,CAAC;AAED,SAAS,0BAA0B,CAAC,UAAe,EAAE,SAAiB,EAAE,IAAwB;IAC/F,gBAAgB,CAAC,UAAU,CAAC,CAAC;IAC7B,MAAM,EAAE,GAAG,EAAE,GAAG,EAAE,GAAG,EAAE,KAAK,EAAE,GAAG,EAAE,GAAG,UAAU,CAAC;IACjD,IAAI,KAAK,EAAE;QACV,IAAI,OAAO,KAAK,KAAK,QAAQ,EAAE;YAC9B,MAAM,IAAI,6BAAY,CAAC,2BAA2B,CAAC,CAAC;SACpD;QACD,WAAW,CAAC,KAAK,EAAE,SAAS,EAAE,IAAI,CAAC,CAAC;KACpC;SAAM,IAAI,GAAG,EAAE;QACf,IAAI,OAAO,GAAG,KAAK,QAAQ,EAAE;YAC5B,MAAM,IAAI,6BAAY,CAAC,2BAA2B,CAAC,CAAC;SACpD;QACD,SAAS,CAAC,GAAG,EAAE,SAAS,EAAE,IAAI,CAAC,CAAC;KAChC;SAAM,IAAI,GAAG,EAAE;QACf,IAAI,OAAO,GAAG,KAAK,QAAQ,EAAE;YAC5B,MAAM,IAAI,6BAAY,CAAC,2BAA2B,CAAC,CAAC;SACpD;QACD,SAAS,CAAC,GAAG,EAAE,SAAS,EAAE,IAAI,CAAC,CAAC;KAChC;SAAM,IAAI,GAAG,EAAE;QACf,IAAI,OAAO,GAAG,KAAK,QAAQ,EAAE;YAC5B,MAAM,IAAI,6BAAY,CAAC,2BAA2B,CAAC,CAAC;SACpD;QACD,SAAS,CAAC,GAAG,EAAE,SAAS,EAAE,IAAI,CAAC,CAAC;KAChC;SAAM;QACN,IAAI,OAAO,GAAG,KAAK,QAAQ,EAAE;YAC5B,MAAM,IAAI,6BAAY,CAAC,2BAA2B,CAAC,CAAC;SACpD;QACD,SAAS,CAAC,GAAG,EAAE,SAAS,EAAE,IAAI,CAAC,CAAC;KAChC;IACD,OAAO,IAAI,CAAC;AACb,CAAC;AAED,SAAS,yBAAyB,CAAC,SAAc,EAAE,SAAiB,EAAE,IAAwB;IAC7F,MAAM,SAAS,GAAG,MAAM,CAAC,MAAM,CAAC,SAAS,CAAC,CAAC;IAC3C,IAAI,SAAS,CAAC,MAAM,KAAK,CAAC,EAAE;QAC3B,MAAM,IAAI,6BAAY,CAAC,+BAA+B,CAAC,CAAC;KACxD;IACD,IAAI,OAAO,SAAS,CAAC,CAAC,CAAC,KAAK,QAAQ,IAAI,SAAS,CAAC,CAAC,CAAC,YAAY,KAAK,EAAE;QACtE,MAAM,IAAI,6BAAY,CAAC,yBAAyB,CAAC,CAAC;KAClD;IACD,0BAA0B,CAAC,SAAS,CAAC,CAAC,CAAC,EAAE,SAAS,EAAE,IAAI,CAAC,CAAC;IAC1D,OAAO,IAAI,CAAC;AACb,CAAC;AAED,SAAS,eAAe,CAAC,SAAc,EAAE,SAAiB,EAAE,IAAwB;IACnF,IAAI,OAAO,SAAS,KAAK,QAAQ,IAAI,SAAS,YAAY,KAAK,EAAE;QAChE,MAAM,IAAI,6BAAY,CAAC,4BAA4B,CAAC,CAAC;KACrD;IACD,MAAM,QAAQ,GAAG,MAAM,CAAC,IAAI,CAAC,SAAS,CAAC,CAAC;IACxC,IAAI,QAAQ,CAAC,MAAM,KAAK,CAAC,EAAE;QAC1B,MAAM,IAAI,6BAAY,CAAC,sBAAsB,CAAC,CAAC;KAC/C;IACD,IAAI,QAAQ,CAAC,CAAC,CAAC,CAAC,QAAQ,CAAC,GAAG,CAAC,EAAE;QAC9B,MAAM,IAAI,6BAAY,CAAC,wBAAwB,CAAC,CAAC;KACjD;IACD,yBAAyB,CAAC,SAAS,EAAE,SAAS,EAAE,IAAI,CAAC,CAAC;IACtD,OAAO,QAAQ,CAAC,CAAC,CAAC,CAAC;AACpB,CAAC;AAED,SAAS,eAAe,CAAC,KAAe,EAAE,UAAoB,EAAE,SAAiB,EAAE,IAAwB;IAC1G,IAAI,YAAY,GAAa,UAAU,CAAC;IACxC,MAAM,cAAc,GAAa,EAAE,CAAC;IACpC,aAAG,CAAC,KAAK,CAAC,KAAK,CAAC,CAAC;IACjB,KAAK,CAAC,OAAO,CAAC,CAAC,SAAc,EAAE,EAAE;QAChC,MAAM,GAAG,GAAG,eAAe,CAAC,SAAS,EAAE,SAAS,EAAE,IAAI,CAAC,CAAC;QACxD,IAAI,cAAc,CAAC,QAAQ,CAAC,GAAG,CAAC,EAAE;YACjC,MAAM,IAAI,6BAAY,CAAC,4BAA4B,CAAC,CAAC;SACrD;aAAM;YACN,cAAc,CAAC,IAAI,CAAC,GAAG,CAAC,CAAC;SACzB;QACD,YAAY,GAAG,YAAY,CAAC,MAAM,CAAC,CAAC,IAAI,EAAE,EAAE,CAAC,IAAI,KAAK,GAAG,CAAC,CAAC;IAC5D,CAAC,CAAC,CAAC;IACH,OAAO,YAAY,CAAC;AACrB,CAAC;AAED,SAAS,eAAe,CAAC,KAAe,EAAE,UAAoB,EAAE,IAAwB;IACvF,IAAI,YAAY,GAAa,UAAU,CAAC;IACxC,MAAM,GAAG,GAAG,CAAC,CAAC;IACd,IAAI,KAAK,CAAC,MAAM,KAAK,CAAC,EAAE;QACvB,MAAM,IAAI,6BAAY,CAAC,8BAA8B,CAAC,CAAC;KACvD;IACD,KAAK,CAAC,OAAO,CAAC,CAAC,GAAW,EAAE,EAAE;QAC7B,IAAI,CAAC,UAAU,CAAC,QAAQ,CAAC,GAAG,CAAC,EAAE;YAC9B,MAAM,IAAI,6BAAY,CAAC,6BAA6B,CAAC,CAAC;SACtD;QACD,MAAM,KAAK,GAAG,GAAG,CAAC,KAAK,CAAC,GAAG,CAAC,CAAC;QAC7B,IAAI,KAAK,CAAC,MAAM,KAAK,GAAG,EAAE;YACzB,MAAM,IAAI,6BAAY,CAAC,6CAA6C,CAAC,CAAC;SACtE;QACD,IAAI,CAAC,IAAA,uCAAc,EAAC,KAAK,CAAC,CAAC,CAAC,EAAE,IAAI,CAAC,IAAI,CAAC,IAAA,uCAAc,EAAC,KAAK,CAAC,CAAC,CAAC,EAAE,IAAI,CAAC,EAAE;YACvE,MAAM,IAAI,6BAAY,CAAC,uCAAuC,CAAC,CAAC;SAChE;QACD,YAAY,GAAG,YAAY,CAAC,MAAM,CAAC,CAAC,IAAI,EAAE,EAAE,CAAC,IAAI,KAAK,GAAG,CAAC,CAAC;IAC5D,CAAC,CAAC,CAAC;IACH,OAAO,YAAY,CAAC;AACrB,CAAC;AAED,SAAgB,yBAAyB,CAAC,eAAoB;IAC7D,IAAI,eAAe,KAAK,SAAS,EAAE;QAClC,aAAG,CAAC,KAAK,CAAC,yCAAyC,CAAC,CAAC;QACrD,MAAM,IAAI,6BAAY,CAAC,yCAAyC,CAAC,CAAC;KAClE;IACD,IAAI,OAAO,eAAe,KAAK,QAAQ,IAAI,eAAe,YAAY,KAAK,EAAE;QAC5E,aAAG,CAAC,KAAK,CAAC,kCAAkC,CAAC,CAAC;QAC9C,MAAM,IAAI,6BAAY,CAAC,yCAAyC,CAAC,CAAC;KAClE;IACD,OAAO,IAAI,CAAC;AACb,CAAC;AAVD,8DAUC;AAED,SAAgB,oBAAoB,CAAC,KAAU,EAAE,IAAc,EAAE,GAAW,EAAE,IAAwB;IACrG,MAAM,GAAG,GAAG,CAAC,CAAC;IACd,IAAI,MAAM,CAAC,IAAI,CAAC,KAAK,CAAC,CAAC,MAAM,KAAK,GAAG,EAAE;QACtC,aAAG,CAAC,KAAK,CAAC,mCAAmC,CAAC,CAAC;QAC/C,MAAM,IAAI,6BAAY,CAAC,mCAAmC,CAAC,CAAC;KAC5D;IACD,MAAM,EAAE,KAAK,EAAE,KAAK,EAAE,GAAG,KAAK,CAAC;IAC/B,IAAI,KAAK,KAAK,SAAS,IAAI,KAAK,KAAK,SAAS,EAAE;QAC/C,MAAM,IAAI,6BAAY,CAAC,gCAAgC,CAAC,CAAC;KACzD;IACD,IAAI,OAAO,KAAK,KAAK,QAAQ,IAAI,CAAC,CAAC,KAAK,YAAY,KAAK,CAAC,EAAE;QAC3D,MAAM,IAAI,6BAAY,CAAC,uBAAuB,CAAC,CAAC;KAChD;IACD,IAAI,OAAO,KAAK,KAAK,QAAQ,IAAI,CAAC,CAAC,KAAK,YAAY,KAAK,CAAC,EAAE;QAC3D,MAAM,IAAI,6BAAY,CAAC,uBAAuB,CAAC,CAAC;KAChD;IACD,MAAM,YAAY,GAAa,eAAe,CAAC,KAAK,EAAE,IAAI,EAAE,IAAI,CAAC,CAAC;IAClE,MAAM,WAAW,GAAa,eAAe,CAAC,KAAK,EAAE,YAAY,EAAE,GAAG,EAAE,IAAI,CAAC,CAAC;IAC9E,IAAI,WAAW,CAAC,MAAM,KAAK,CAAC,EAAE;QAC7B,MAAM,IAAI,6BAAY,CAAC,8DAA8D,CAAC,CAAC;KACvF;IACD,OAAO,IAAI,CAAC;AACb,CAAC;AAtBD,oDAsBC","sourcesContent":["import { InsightDatasetKind, InsightError } from \"./IInsightFacade\";\nimport { checkValidSKEY, checkValidMKEY } from \"./performValidatorHelper\";\nimport Log from \"@ubccpsc310/folder-test/build/Log\";\n\nfunction handleSum(SUM: string, datasetID: string, kind: InsightDatasetKind): boolean {\n\tconst two = 2;\n\tif (SUM) {\n\t\tconst parts = SUM.split(\"_\");\n\t\tif (parts.length !== two) {\n\t\t\tthrow new InsightError(\"Invalid ID Found\");\n\t\t}\n\t\tif (parts[0] !== datasetID) {\n\t\t\tthrow new InsightError(\"Invalid ID Found\");\n\t\t}\n\t\tif (!checkValidMKEY(parts[1], kind)) {\n\t\t\tthrow new InsightError(\"Expected Numeric Value\");\n\t\t}\n\t}\n\n\treturn true;\n}\n\nfunction handleAvg(AVG: string, datasetID: string, kind: InsightDatasetKind): boolean {\n\tconst two = 2;\n\tif (AVG) {\n\t\tconst parts = AVG.split(\"_\");\n\t\tif (parts.length !== two) {\n\t\t\tthrow new InsightError(\"Invalid ID Found\");\n\t\t}\n\t\tif (parts[0] !== datasetID) {\n\t\t\tthrow new InsightError(\"Invalid ID Found\");\n\t\t}\n\t\tif (!checkValidMKEY(parts[1], kind)) {\n\t\t\tthrow new InsightError(\"Expected Numeric Value\");\n\t\t}\n\t}\n\n\treturn true;\n}\n\nfunction handleMin(MIN: string, datasetID: string, kind: InsightDatasetKind): boolean {\n\tconst two = 2;\n\tif (MIN) {\n\t\tconst parts = MIN.split(\"_\");\n\t\tif (parts.length !== two) {\n\t\t\tthrow new InsightError(\"Invalid ID Found\");\n\t\t}\n\t\tif (parts[0] !== datasetID) {\n\t\t\tthrow new InsightError(\"Invalid ID Found\");\n\t\t}\n\t\tif (!checkValidMKEY(parts[1], kind)) {\n\t\t\tthrow new InsightError(\"Expected Numeric Value\");\n\t\t}\n\t}\n\n\treturn true;\n}\n\nfunction handleMax(MAX: string, datasetID: string, kind: InsightDatasetKind): boolean {\n\tconst two = 2;\n\tif (MAX) {\n\t\tconst parts = MAX.split(\"_\");\n\t\tif (parts.length !== two) {\n\t\t\tthrow new InsightError(\"Invalid ID Found\");\n\t\t}\n\t\tif (parts[0] !== datasetID) {\n\t\t\tthrow new InsightError(\"Invalid ID Found\");\n\t\t}\n\t\tif (!checkValidMKEY(parts[1], kind)) {\n\t\t\tthrow new InsightError(\"Expected Numeric Value\");\n\t\t}\n\t}\n\n\treturn true;\n}\n\nfunction handleCount(COUNT: string, datasetID: string, kind: InsightDatasetKind): boolean {\n\tconst two = 2;\n\tif (COUNT) {\n\t\tconst parts = COUNT.split(\"_\");\n\t\tif (parts.length !== two) {\n\t\t\tthrow new InsightError(\"Invalid ID Found\");\n\t\t}\n\t\tif (parts[0] !== datasetID) {\n\t\t\tthrow new InsightError(\"Invalid ID Found\");\n\t\t}\n\t\tif (!checkValidSKEY(parts[1], kind) && !checkValidMKEY(parts[1], kind)) {\n\t\t\tthrow new InsightError(\"Invalid SKEY or MKEY Found.\");\n\t\t}\n\t}\n\n\treturn true;\n}\n\nfunction applyTokenHelper(APPLYTOKEN: any): boolean {\n\tif (Object.keys(APPLYTOKEN).length !== 1) {\n\t\tthrow new InsightError(\"Expected one Apply Token\");\n\t}\n\tconst { MAX, MIN, AVG, COUNT, SUM } = APPLYTOKEN;\n\tif (!MAX && !MIN && !AVG && !COUNT && !SUM) {\n\t\tthrow new InsightError(\"Incorrect Apply Token Found\");\n\t}\n\treturn true;\n}\n\nfunction handleApplyTokenValidation(APPLYTOKEN: any, datasetID: string, kind: InsightDatasetKind): boolean {\n\tapplyTokenHelper(APPLYTOKEN);\n\tconst { MAX, MIN, AVG, COUNT, SUM } = APPLYTOKEN;\n\tif (COUNT) {\n\t\tif (typeof COUNT !== \"string\") {\n\t\t\tthrow new InsightError(\"COUNT is not a string key\");\n\t\t}\n\t\thandleCount(COUNT, datasetID, kind);\n\t} else if (MAX) {\n\t\tif (typeof MAX !== \"string\") {\n\t\t\tthrow new InsightError(\"COUNT is not a string key\");\n\t\t}\n\t\thandleMax(MAX, datasetID, kind);\n\t} else if (MIN) {\n\t\tif (typeof MIN !== \"string\") {\n\t\t\tthrow new InsightError(\"COUNT is not a string key\");\n\t\t}\n\t\thandleMin(MIN, datasetID, kind);\n\t} else if (AVG) {\n\t\tif (typeof AVG !== \"string\") {\n\t\t\tthrow new InsightError(\"COUNT is not a string key\");\n\t\t}\n\t\thandleAvg(AVG, datasetID, kind);\n\t} else {\n\t\tif (typeof SUM !== \"string\") {\n\t\t\tthrow new InsightError(\"COUNT is not a string key\");\n\t\t}\n\t\thandleSum(SUM, datasetID, kind);\n\t}\n\treturn true;\n}\n\nfunction handleApplyBodyValidation(APPLYRULE: any, datasetID: string, kind: InsightDatasetKind): boolean {\n\tconst APPLYBODY = Object.values(APPLYRULE);\n\tif (APPLYBODY.length !== 1) {\n\t\tthrow new InsightError(\"Expected 1 Key in Apply Body.\");\n\t}\n\tif (typeof APPLYBODY[0] !== \"object\" || APPLYBODY[0] instanceof Array) {\n\t\tthrow new InsightError(\"Apply BodyNot an Object\");\n\t}\n\thandleApplyTokenValidation(APPLYBODY[0], datasetID, kind);\n\treturn true;\n}\n\nfunction handleApplyRule(APPLYRULE: any, datasetID: string, kind: InsightDatasetKind): string {\n\tif (typeof APPLYRULE !== \"object\" || APPLYRULE instanceof Array) {\n\t\tthrow new InsightError(\"Apply Rule isn't an object\");\n\t}\n\tconst applyKey = Object.keys(APPLYRULE);\n\tif (applyKey.length !== 1) {\n\t\tthrow new InsightError(\"Expected only 1 key.\");\n\t}\n\tif (applyKey[0].includes(\"_\")) {\n\t\tthrow new InsightError(\"Underscore Found in ID\");\n\t}\n\thandleApplyBodyValidation(APPLYRULE, datasetID, kind);\n\treturn applyKey[0];\n}\n\nfunction checkValidApply(APPLY: string[], columnsIDS: string[], datasetID: string, kind: InsightDatasetKind): string[] {\n\tlet remainingIDS: string[] = columnsIDS;\n\tconst trackApplyKeys: string[] = [];\n\tLog.trace(APPLY);\n\tAPPLY.forEach((APPLYRULE: any) => {\n\t\tconst key = handleApplyRule(APPLYRULE, datasetID, kind);\n\t\tif (trackApplyKeys.includes(key)) {\n\t\t\tthrow new InsightError(\"Duplicate Apply key found.\");\n\t\t} else {\n\t\t\ttrackApplyKeys.push(key);\n\t\t}\n\t\tremainingIDS = remainingIDS.filter((item) => item !== key);\n\t});\n\treturn remainingIDS;\n}\n\nfunction checkValidGroup(GROUP: string[], columnsIDS: string[], kind: InsightDatasetKind): string[] {\n\tlet remainingIDS: string[] = columnsIDS;\n\tconst two = 2;\n\tif (GROUP.length === 0) {\n\t\tthrow new InsightError(\"Should have at least one key\");\n\t}\n\tGROUP.forEach((key: string) => {\n\t\tif (!columnsIDS.includes(key)) {\n\t\t\tthrow new InsightError(\"Key is not found in Columns\");\n\t\t}\n\t\tconst parts = key.split(\"_\");\n\t\tif (parts.length !== two) {\n\t\t\tthrow new InsightError(\"Can only have MKEY or SKEY, not apply keys.\");\n\t\t}\n\t\tif (!checkValidMKEY(parts[1], kind) && !checkValidSKEY(parts[1], kind)) {\n\t\t\tthrow new InsightError(\"Can only have MKEY or SKEY in groups.\");\n\t\t}\n\t\tremainingIDS = remainingIDS.filter((item) => item !== key);\n\t});\n\treturn remainingIDS;\n}\n\nexport function checkTransformationsField(TRANSFORMATIONS: any): boolean {\n\tif (TRANSFORMATIONS === undefined) {\n\t\tLog.trace(\"3RD Key present is not TRANSFORMATIONS.\");\n\t\tthrow new InsightError(\"3RD Key present is not TRANSFORMATIONS.\");\n\t}\n\tif (typeof TRANSFORMATIONS !== \"object\" || TRANSFORMATIONS instanceof Array) {\n\t\tLog.trace(\"TRANSFORMATIONS is not an object\");\n\t\tthrow new InsightError(\"3RD Key present is not TRANSFORMATIONS.\");\n\t}\n\treturn true;\n}\n\nexport function checkTransformations(TRANS: any, cIDS: string[], dID: string, kind: InsightDatasetKind): boolean {\n\tconst two = 2;\n\tif (Object.keys(TRANS).length !== two) {\n\t\tLog.trace(\"Expected 2 Keys: Group and Apply.\");\n\t\tthrow new InsightError(\"Expected 2 Keys: Group and Apply.\");\n\t}\n\tconst { GROUP, APPLY } = TRANS;\n\tif (GROUP === undefined || APPLY === undefined) {\n\t\tthrow new InsightError(\"Group or Apply does not exist.\");\n\t}\n\tif (typeof GROUP !== \"object\" || !(GROUP instanceof Array)) {\n\t\tthrow new InsightError(\"Group is not an Array\");\n\t}\n\tif (typeof APPLY !== \"object\" || !(APPLY instanceof Array)) {\n\t\tthrow new InsightError(\"Apply is not an Array\");\n\t}\n\tconst remainingIds: string[] = checkValidGroup(GROUP, cIDS, kind);\n\tconst leftoverIds: string[] = checkValidApply(APPLY, remainingIds, dID, kind);\n\tif (leftoverIds.length !== 0) {\n\t\tthrow new InsightError(\"All column keys do not correspond to a key in Group or Apply\");\n\t}\n\treturn true;\n}\n"]},"_coverageSchema":"1a1c01bbd47fc00a2c39e90264f33305004495a9","hash":"a94244fd412de3c7a1f26358bdfd37d61dba50d0","contentHash":"c1788b5c0f156306ea189ec71b14ba26fd057d92466713b6d959d146df08e36a"}}